[DEBUG][2018-01-22 21:13:22,770][HttpUtils]submitGet:url=https://api.weixin.qq.com/sns/oauth2/access_token?appid=wx88cb890e1e079473&secret=5982d81fbb3a64d413e9a4f1eabe0898&code=001uQYww1HOwoa0gI3zw1bOgxw1uQYwM&grant_type=authorization_code
[DEBUG][2018-01-22 21:13:38,076][HttpUtils]submitGet:responseMessage={"access_token":"6_MlKdEhgHdgFXlIolo3RhFG_LPwTbde7XvCwhZUCmgmYOK8lAPioR3X-HCsPqpEjj_tb3BRrp4mgaXMPJTy59QMo2RanDpyTgNOrkFctbw7w","expires_in":7200,"refresh_token":"6_olCzdZWFawb7s001FEponNDMD68r8VoKqjsF0gHwuIV72bAjkwcaqJqcIDvRjt2H4h88p-fU03zkRIf2n_F7YrKPszI7Xb0xPzTpRyCsmI8","openid":"oYYPb0gIcCPq0IDh_fedDoJRavJU","scope":"snsapi_userinfo"}
[DEBUG][2018-01-22 21:21:18,489][HttpUtils]submitGet:url=https://api.weixin.qq.com/sns/oauth2/access_token?appid=wx88cb890e1e079473&secret=5982d81fbb3a64d413e9a4f1eabe0898&code=001uQYww1HOwoa0gI3zw1bOgxw1uQYwM&grant_type=authorization_code
[DEBUG][2018-01-22 21:21:19,478][HttpUtils]submitGet:responseMessage={"errcode":40163,"errmsg":"code been used, hints: [ req_id: ahqt_a0278th42 ]"}
[DEBUG][2018-01-22 21:26:48,762][HttpUtils]submitGet:url=https://api.weixin.qq.com/sns/oauth2/access_token&appid=wx88cb890e1e079473&secret=5982d81fbb3a64d413e9a4f1eabe0898&code=071Y0cDq1gv6bn0Ep5Cq1VX2Dq1Y0cDB&grant_type=authorization_code
[DEBUG][2018-01-22 21:26:49,679][HttpUtils]submitGet:responseMessage={"errcode":40066,"errmsg":"invalid url hint: [0UjZna0608vr45!]"}
[DEBUG][2018-01-22 21:27:03,409][HttpUtils]submitGet:url=https://api.weixin.qq.com/sns/oauth2/access_token?appid=wx88cb890e1e079473&secret=5982d81fbb3a64d413e9a4f1eabe0898&code=071Y0cDq1gv6bn0Ep5Cq1VX2Dq1Y0cDB&grant_type=authorization_code
[DEBUG][2018-01-22 21:27:04,380][HttpUtils]submitGet:responseMessage={"access_token":"6_w09Ri7xmV6ToTMQTmfD-w_ehOtIhLD7BBRQKvQ_f0OlcQh06ObWqoXfkChkBlg4Hf5hforS_jtSDP1Di9VtgbOuqQe239BmlDE1FqDm2C3A","expires_in":7200,"refresh_token":"6_9BdpMgmSyZ1uZVrCoCLm02nMvmaDZZCe72ujFWRQ3-ejyop6qoNq_yQTL_IvhDk_VykPMbXxzr7ypZEq_aUqlVNWCTNUuuNb6eE5lMATRJE","openid":"oYYPb0hjurG_R2gdEm236uwupY3A","scope":"snsapi_userinfo"}
[DEBUG][2018-01-23 01:15:20,890][HttpUtils]submitGet:url=https://api.weixin.qq.com/cgi-bin/token?grant_type=client_credential&appid=wx88cb890e1e079473&secret=5982d81fbb3a64d413e9a4f1eabe0898
[DEBUG][2018-01-23 01:15:21,782][HttpUtils]submitGet:responseMessage={"errcode":40164,"errmsg":"invalid ip 117.73.154.210, not in whitelist hint: [P8qn_a03211512]"}
[DEBUG][2018-01-23 01:15:21,783][HttpUtils]submitGet:url=https://api.weixin.qq.com/cgi-bin/ticket/getticket?access_token={"errcode":40164,"errmsg":"invalid ip 117.73.154.210, not in whitelist hint: [P8qn_a03211512]"}&type=jsapi
[ERROR][2018-01-23 01:15:21,861][HttpUtils]ERROR
java.io.IOException: Invalid Http response
	at sun.net.www.protocol.http.HttpURLConnection.getInputStream0(HttpURLConnection.java:1606)
	at sun.net.www.protocol.http.HttpURLConnection.getInputStream(HttpURLConnection.java:1492)
	at sun.net.www.protocol.https.HttpsURLConnectionImpl.getInputStream(HttpsURLConnectionImpl.java:263)
	at com.ycb.util.HttpUtils.submitGet(HttpUtils.java:143)
	at com.ycb.controller.WXBatciController.main(WXBatciController.java:21)
[ERROR][2018-01-23 01:15:21,874][HttpUtils]ERROR
java.lang.NullPointerException
	at com.ycb.util.HttpUtils.submitGet(HttpUtils.java:156)
	at com.ycb.controller.WXBatciController.main(WXBatciController.java:21)
[DEBUG][2018-01-23 01:18:32,611][HttpUtils]submitGet:url=https://api.weixin.qq.com/cgi-bin/token?grant_type=client_credential&appid=wx88cb890e1e079473&secret=5982d81fbb3a64d413e9a4f1eabe0898
[DEBUG][2018-01-23 01:18:33,582][HttpUtils]submitGet:responseMessage={"access_token":"6_ur41Qd9f0q19VTGvT9pWdCDXJ_doq39vuzpntJoZI8dVZ9LYxgj5ko4F4dqDP7DxQaVXQ2H0bgGyXJXdaU12BBOtubH-sfSUn8fzQlx4MjfzxDtroAtrxwMfQgFC9DswN3Bz_lDLRWNhK6xJRTQfAIAEGD","expires_in":7200}
[DEBUG][2018-01-23 01:18:33,583][HttpUtils]submitGet:url=https://api.weixin.qq.com/cgi-bin/ticket/getticket?access_token={"access_token":"6_ur41Qd9f0q19VTGvT9pWdCDXJ_doq39vuzpntJoZI8dVZ9LYxgj5ko4F4dqDP7DxQaVXQ2H0bgGyXJXdaU12BBOtubH-sfSUn8fzQlx4MjfzxDtroAtrxwMfQgFC9DswN3Bz_lDLRWNhK6xJRTQfAIAEGD","expires_in":7200}&type=jsapi
[DEBUG][2018-01-23 01:18:33,630][HttpUtils]submitGet:responseMessage={"errcode":40001,"errmsg":"invalid credential, access_token is invalid or not latest hint: [xg_bUA0513vr31!]"}
[DEBUG][2018-01-23 01:20:21,196][HttpUtils]submitGet:url=https://api.weixin.qq.com/cgi-bin/ticket/getticket?access_token=6_ur41Qd9f0q19VTGvT9pWdCDXJ_doq39vuzpntJoZI8dVZ9LYxgj5ko4F4dqDP7DxQaVXQ2H0bgGyXJXdaU12BBOtubH-sfSUn8fzQlx4MjfzxDtroAtrxwMfQgFC9DswN3Bz_lDLRWNhK6xJRTQfAIAEGD&type=jsapi
[DEBUG][2018-01-23 01:20:22,099][HttpUtils]submitGet:responseMessage={"errcode":0,"errmsg":"ok","ticket":"HoagFKDcsGMVCIY2vOjf9mQxsypGq3t-6ocFi_42Px67lwDp8HUqdFx4qnbGwaeu8MPxSh2fwPyrv21PLHC9VA","expires_in":7200}
[INFO][2018-01-23 02:49:30,096][com.ycb.util.SortUtils]排序后的字符串为=》 nonce_str=fa2575910f2049fd833b25601a77c845appid=wx88cb890e1e079473body=咖啡机名额购买device_info=WEBmch_id=1496252192
[INFO][2018-01-23 02:52:33,513][com.ycb.util.SortUtils]排序后的字符串为=》appid=wx88cb890e1e079473body=咖啡机名额购买device_info=WEBmch_id=1496252192nonce_str=fa2575910f2049fd833b25601a77c845
[INFO][2018-01-23 02:55:58,764][com.ycb.util.SortUtils]排序后的字符串为=》appid=wx88cb890e1e079473body=咖啡机名额购买device_info=WEBmch_id=1496252192nonce_str=8dc7e6d6d40d4c7dbc8c105f274f3f6f
[INFO][2018-01-23 02:57:00,330][com.ycb.util.SortUtils]排序后的字符串为=》appid=wx88cb890e1e079473&body=咖啡机名额购买&device_info=WEB&mch_id=1496252192&nonce_str=1c9fc8825570488ba9bc5c94f197d104&
[DEBUG][2018-01-23 14:05:39,775][HttpUtils]submitGet:url=https://api.weixin.qq.com/cgi-bin/token?grant_type=client_credential&appid=wx88cb890e1e079473&secret=5982d81fbb3a64d413e9a4f1eabe0898
[DEBUG][2018-01-23 14:05:41,203][HttpUtils]submitGet:responseMessage={"access_token":"6_uBAle-P2bDAvSQKbrkxnWsBW-ctSVP1ytQUcXVYU4E_AJKKqKwTj9ewUqlS45ytaYx8jE-mHexUy3tZn0SiaDHmup5cKJfRL7IEyGFiwm7F3UT9froTljkjGakaOOC_oBGy1Jlctq5-WGKCVTHYjACAHVM","expires_in":7200}
[DEBUG][2018-01-23 14:05:41,489][HttpUtils]submitGet:url=https://api.weixin.qq.com/cgi-bin/ticket/getticket?access_token=6_uBAle-P2bDAvSQKbrkxnWsBW-ctSVP1ytQUcXVYU4E_AJKKqKwTj9ewUqlS45ytaYx8jE-mHexUy3tZn0SiaDHmup5cKJfRL7IEyGFiwm7F3UT9froTljkjGakaOOC_oBGy1Jlctq5-WGKCVTHYjACAHVM&type=jsapi
[DEBUG][2018-01-23 14:05:41,591][HttpUtils]submitGet:responseMessage={"errcode":0,"errmsg":"ok","ticket":"HoagFKDcsGMVCIY2vOjf9mQxsypGq3t-6ocFi_42Px7NBND0H3XHnKg8_yq3paQRrJ-3-DxrnZCtWO7wHpLXSA","expires_in":7200}
[INFO][2018-01-23 23:19:05,227][com.ycb.util.SortUtils]排序后的字符串为=》appid=wx88cb890e1e079473&body=24咖啡-机器&device_info=WEB&mch_id=1496252192&nonce_str=a552e9e1d7f94588a16a44cdfb5e24e7&
[DEBUG][2018-01-23 23:19:05,337][HttpUtils]submitPost:url=https://api.mch.weixin.qq.com/pay/unifiedorder
[DEBUG][2018-01-23 23:19:05,337][HttpUtils]submitPost:paramContent={"body":"24咖啡-机器","detail":"咖啡机名额购买","fee_type":"CNY","nonce_str":"a552e9e1d7f94588a16a44cdfb5e24e7","notify_url":"http://ch.yzxx-soft.com/eh/ycb/wxpay/responseResult.do","openid":"wx88cb890e1e079473","out_trade_no":"41515515051515","sign":"C74B26C63A1BE0E3959B914C0423E9D1","sign_type":"MD5","spbill_create_ip":"117.73.154.210","time_expire":"20180123231538","time_start":"20180123231538","total_fee":10,"trade_type":"JSAPI"}
[DEBUG][2018-01-23 23:19:05,810][HttpUtils]submitPost:responseMessage=<xml><return_code><![CDATA[FAIL]]></return_code><return_msg><![CDATA[XML格式错误]]></return_msg></xml>
[INFO][2018-01-23 23:20:29,575][com.ycb.util.SortUtils]排序后的字符串为=》appid=wx88cb890e1e079473&body=24咖啡-机器&device_info=WEB&mch_id=1496252192&nonce_str=3a5a16bcca38412bbc4e350e9a464489&
[DEBUG][2018-01-23 23:20:29,640][HttpUtils]submitPost:url=https://api.mch.weixin.qq.com/pay/unifiedorder
[DEBUG][2018-01-23 23:20:29,640][HttpUtils]submitPost:paramContent=<?xml version="1.0" encoding="UTF-8" standalone="no"?>
<xml>
<nonce_str>3a5a16bcca38412bbc4e350e9a464489</nonce_str>
<time_expire>20180123231538</time_expire>
<time_start>20180123231538</time_start>
<openid>wx88cb890e1e079473</openid>
<sign>3083257CF063116B4C0249EBBD2FA333</sign>
<fee_type>CNY</fee_type>
<body>24咖啡-机器</body>
<notify_url>http://ch.yzxx-soft.com/eh/ycb/wxpay/responseResult.do</notify_url>
<spbill_create_ip>117.73.154.210</spbill_create_ip>
<out_trade_no>41515515051515</out_trade_no>
<total_fee>10</total_fee>
<trade_type>JSAPI</trade_type>
<detail>咖啡机名额购买</detail>
<sign_type>MD5</sign_type>
</xml>

[DEBUG][2018-01-23 23:20:30,119][HttpUtils]submitPost:responseMessage=<xml><return_code><![CDATA[FAIL]]></return_code><return_msg><![CDATA[mch_id参数格式错误]]></return_msg></xml>
[INFO][2018-01-23 23:22:02,505][com.ycb.util.SortUtils]排序后的字符串为=》appid=wx88cb890e1e079473&body=24咖啡-机器&device_info=WEB&mch_id=1496252192&nonce_str=079424abd8e144cb8c96e682e08b5b84&
[DEBUG][2018-01-23 23:22:02,564][HttpUtils]submitPost:url=https://api.mch.weixin.qq.com/pay/unifiedorder
[DEBUG][2018-01-23 23:22:02,564][HttpUtils]submitPost:paramContent=<?xml version="1.0" encoding="UTF-8" standalone="no"?>
<xml>
<nonce_str>079424abd8e144cb8c96e682e08b5b84</nonce_str>
<time_expire>20180123231538</time_expire>
<time_start>20180123231538</time_start>
<openid>wx88cb890e1e079473</openid>
<sign>5F77B0BC3BD3B8586CDE49AEA0BD98AD</sign>
<fee_type>CNY</fee_type>
<mch_id>1496252192</mch_id>
<body>24咖啡-机器</body>
<notify_url>http://ch.yzxx-soft.com/eh/ycb/wxpay/responseResult.do</notify_url>
<spbill_create_ip>117.73.154.210</spbill_create_ip>
<out_trade_no>41515515051515</out_trade_no>
<appid>wx88cb890e1e079473</appid>
<total_fee>10</total_fee>
<trade_type>JSAPI</trade_type>
<detail>咖啡机名额购买</detail>
<sign_type>MD5</sign_type>
</xml>

[DEBUG][2018-01-23 23:22:03,114][HttpUtils]submitPost:responseMessage=<xml><return_code><![CDATA[FAIL]]></return_code>
<return_msg><![CDATA[签名错误]]></return_msg>
</xml>
[INFO][2018-01-23 23:25:23,083][com.ycb.util.SortUtils]排序后的字符串为=》appid=wx88cb890e1e079473&body=24咖啡-机器&device_info=WEB&mch_id=1496252192&nonce_str=dfb1b7be5f4a4d35b93ab5676b4edbc8&
[DEBUG][2018-01-23 23:25:23,140][HttpUtils]submitPost:url=https://api.mch.weixin.qq.com/pay/unifiedorder
[DEBUG][2018-01-23 23:25:23,140][HttpUtils]submitPost:paramContent=<?xml version="1.0" encoding="UTF-8" standalone="no"?>
<xml>
<nonce_str>dfb1b7be5f4a4d35b93ab5676b4edbc8</nonce_str>
<time_expire>20180123231538</time_expire>
<time_start>20180123231538</time_start>
<openid>wx88cb890e1e079473</openid>
<sign>EEEB5B85996365804471F0232C038892</sign>
<fee_type>CNY</fee_type>
<mch_id>1496252192</mch_id>
<body>24咖啡-机器</body>
<notify_url>http://ch.yzxx-soft.com/eh/ycb/wxpay/responseResult.do</notify_url>
<spbill_create_ip>117.73.154.210</spbill_create_ip>
<out_trade_no>41515515051515</out_trade_no>
<appid>wx88cb890e1e079473</appid>
<total_fee>10</total_fee>
<trade_type>JSAPI</trade_type>
<detail>咖啡机名额购买</detail>
<sign_type>MD5</sign_type>
</xml>

[DEBUG][2018-01-23 23:25:23,695][HttpUtils]submitPost:responseMessage=<xml><return_code><![CDATA[FAIL]]></return_code>
<return_msg><![CDATA[签名错误]]></return_msg>
</xml>
[INFO][2018-01-24 00:23:46,815][com.ycb.util.SortUtils]排序后的字符串为=》appid=wx88cb890e1e079473&body=24咖啡-机器&detail=咖啡机名额购买&fee_type=CNY&mch_id=1496252192&nonce_str=4eee0bb3ea3b451b9aacef075d67725b&notify_url=http://ch.yzxx-soft.com/eh/ycb/wxpay/responseResult.do&openid=oYYPb0kX_sUAABZZF879tq9vYS44&out_trade_no=41515515051515&sign_type=MD5&spbill_create_ip=117.73.154.210&time_expire=20180123231538&time_start=20180123231538&total_fee=10&trade_type=JSAPI&
[DEBUG][2018-01-24 00:23:46,868][HttpUtils]submitPost:url=https://api.mch.weixin.qq.com/pay/unifiedorder
[DEBUG][2018-01-24 00:23:46,868][HttpUtils]submitPost:paramContent=<?xml version="1.0" encoding="UTF-8" standalone="no"?>
<xml>
<nonce_str>4eee0bb3ea3b451b9aacef075d67725b</nonce_str>
<time_expire>20180123231538</time_expire>
<time_start>20180123231538</time_start>
<openid>oYYPb0kX_sUAABZZF879tq9vYS44</openid>
<sign>AE7EBCA9BFAA54B443C61888AD2D2E63</sign>
<fee_type>CNY</fee_type>
<mch_id>1496252192</mch_id>
<body>24咖啡-机器</body>
<notify_url>http://ch.yzxx-soft.com/eh/ycb/wxpay/responseResult.do</notify_url>
<spbill_create_ip>117.73.154.210</spbill_create_ip>
<out_trade_no>41515515051515</out_trade_no>
<appid>wx88cb890e1e079473</appid>
<total_fee>10</total_fee>
<trade_type>JSAPI</trade_type>
<detail>咖啡机名额购买</detail>
<sign_type>MD5</sign_type>
</xml>

[DEBUG][2018-01-24 00:23:47,424][HttpUtils]submitPost:responseMessage=<xml><return_code><![CDATA[FAIL]]></return_code>
<return_msg><![CDATA[time_expire时间过短，刷卡至少1分钟，其他5分钟]]></return_msg>
</xml>
[INFO][2018-01-24 00:24:37,772][com.ycb.util.SortUtils]排序后的字符串为=》appid=wx88cb890e1e079473&body=24咖啡-机器&detail=咖啡机名额购买&fee_type=CNY&mch_id=1496252192&nonce_str=d4910f18b45a484c96398e2f236731d9&notify_url=http://ch.yzxx-soft.com/eh/ycb/wxpay/responseResult.do&openid=oYYPb0kX_sUAABZZF879tq9vYS44&out_trade_no=41515515051515&sign_type=MD5&spbill_create_ip=117.73.154.210&time_expire=20180123232038&time_start=20180123231538&total_fee=10&trade_type=JSAPI&
[DEBUG][2018-01-24 00:24:37,830][HttpUtils]submitPost:url=https://api.mch.weixin.qq.com/pay/unifiedorder
[DEBUG][2018-01-24 00:24:37,830][HttpUtils]submitPost:paramContent=<?xml version="1.0" encoding="UTF-8" standalone="no"?>
<xml>
<nonce_str>d4910f18b45a484c96398e2f236731d9</nonce_str>
<time_expire>20180123232038</time_expire>
<time_start>20180123231538</time_start>
<openid>oYYPb0kX_sUAABZZF879tq9vYS44</openid>
<sign>00D56FE41F768A530AECFBBEEE63A7DC</sign>
<fee_type>CNY</fee_type>
<mch_id>1496252192</mch_id>
<body>24咖啡-机器</body>
<notify_url>http://ch.yzxx-soft.com/eh/ycb/wxpay/responseResult.do</notify_url>
<spbill_create_ip>117.73.154.210</spbill_create_ip>
<out_trade_no>41515515051515</out_trade_no>
<appid>wx88cb890e1e079473</appid>
<total_fee>10</total_fee>
<trade_type>JSAPI</trade_type>
<detail>咖啡机名额购买</detail>
<sign_type>MD5</sign_type>
</xml>

[DEBUG][2018-01-24 00:24:38,396][HttpUtils]submitPost:responseMessage=<xml><return_code><![CDATA[FAIL]]></return_code>
<return_msg><![CDATA[time_expire时间过短，刷卡至少1分钟，其他5分钟]]></return_msg>
</xml>
[INFO][2018-01-24 00:25:03,502][com.ycb.util.SortUtils]排序后的字符串为=》appid=wx88cb890e1e079473&body=24咖啡-机器&detail=咖啡机名额购买&fee_type=CNY&mch_id=1496252192&nonce_str=cef1ba49f6d744bd9a40aea9228ca1e9&notify_url=http://ch.yzxx-soft.com/eh/ycb/wxpay/responseResult.do&openid=oYYPb0kX_sUAABZZF879tq9vYS44&out_trade_no=41515515051515&sign_type=MD5&spbill_create_ip=117.73.154.210&time_expire=20180123232238&time_start=20180123231538&total_fee=10&trade_type=JSAPI&
[DEBUG][2018-01-24 00:25:03,556][HttpUtils]submitPost:url=https://api.mch.weixin.qq.com/pay/unifiedorder
[DEBUG][2018-01-24 00:25:03,556][HttpUtils]submitPost:paramContent=<?xml version="1.0" encoding="UTF-8" standalone="no"?>
<xml>
<nonce_str>cef1ba49f6d744bd9a40aea9228ca1e9</nonce_str>
<time_expire>20180123232238</time_expire>
<time_start>20180123231538</time_start>
<openid>oYYPb0kX_sUAABZZF879tq9vYS44</openid>
<sign>2282D67152B2D8C0589DF114A2FAD9B1</sign>
<fee_type>CNY</fee_type>
<mch_id>1496252192</mch_id>
<body>24咖啡-机器</body>
<notify_url>http://ch.yzxx-soft.com/eh/ycb/wxpay/responseResult.do</notify_url>
<spbill_create_ip>117.73.154.210</spbill_create_ip>
<out_trade_no>41515515051515</out_trade_no>
<appid>wx88cb890e1e079473</appid>
<total_fee>10</total_fee>
<trade_type>JSAPI</trade_type>
<detail>咖啡机名额购买</detail>
<sign_type>MD5</sign_type>
</xml>

[DEBUG][2018-01-24 00:25:04,118][HttpUtils]submitPost:responseMessage=<xml><return_code><![CDATA[FAIL]]></return_code>
<return_msg><![CDATA[time_expire时间过短，刷卡至少1分钟，其他5分钟]]></return_msg>
</xml>
[INFO][2018-01-24 00:25:50,712][com.ycb.util.SortUtils]排序后的字符串为=》appid=wx88cb890e1e079473&body=24咖啡-机器&detail=咖啡机名额购买&fee_type=CNY&mch_id=1496252192&nonce_str=a6d251898ceb438aa0b444a240eccb30&notify_url=http://ch.yzxx-soft.com/eh/ycb/wxpay/responseResult.do&openid=oYYPb0kX_sUAABZZF879tq9vYS44&out_trade_no=41515515051515&sign_type=MD5&spbill_create_ip=117.73.154.210&time_expire=20180124003120&time_start=20180124002519&total_fee=10&trade_type=JSAPI&
[DEBUG][2018-01-24 00:25:50,772][HttpUtils]submitPost:url=https://api.mch.weixin.qq.com/pay/unifiedorder
[DEBUG][2018-01-24 00:25:50,772][HttpUtils]submitPost:paramContent=<?xml version="1.0" encoding="UTF-8" standalone="no"?>
<xml>
<nonce_str>a6d251898ceb438aa0b444a240eccb30</nonce_str>
<time_expire>20180124003120</time_expire>
<time_start>20180124002519</time_start>
<openid>oYYPb0kX_sUAABZZF879tq9vYS44</openid>
<sign>810E480B1DF64AE1360284F0BF85749F</sign>
<fee_type>CNY</fee_type>
<mch_id>1496252192</mch_id>
<body>24咖啡-机器</body>
<notify_url>http://ch.yzxx-soft.com/eh/ycb/wxpay/responseResult.do</notify_url>
<spbill_create_ip>117.73.154.210</spbill_create_ip>
<out_trade_no>41515515051515</out_trade_no>
<appid>wx88cb890e1e079473</appid>
<total_fee>10</total_fee>
<trade_type>JSAPI</trade_type>
<detail>咖啡机名额购买</detail>
<sign_type>MD5</sign_type>
</xml>

[DEBUG][2018-01-24 00:25:51,348][HttpUtils]submitPost:responseMessage=<xml><return_code><![CDATA[SUCCESS]]></return_code>
<return_msg><![CDATA[OK]]></return_msg>
<appid><![CDATA[wx88cb890e1e079473]]></appid>
<mch_id><![CDATA[1496252192]]></mch_id>
<nonce_str><![CDATA[1W184wb9zy8NTBr4]]></nonce_str>
<sign><![CDATA[F1C370446EC1D81B55FFDC4CFA33BC36]]></sign>
<result_code><![CDATA[SUCCESS]]></result_code>
<prepay_id><![CDATA[wx201801240025509dbea551380408080284]]></prepay_id>
<trade_type><![CDATA[JSAPI]]></trade_type>
</xml>
[INFO][2018-01-24 00:32:46,145][com.ycb.util.SortUtils]排序后的字符串为=》appId=wx88cb890e1e079473&nonceStr=1W184wb9zy8NTBr4&package=prepay_id=wx201801240025509dbea551380408080284&paySign=F1C370446EC1D81B55FFDC4CFA33BC36&signType=MD5&timeStamp=1516725166&
[INFO][2018-01-24 02:09:27,463][com.ycb.util.SortUtils]排序后的字符串为=》appid=wx88cb890e1e079473&body=24咖啡-机器&detail=咖啡机名额购买&fee_type=CNY&mch_id=1496252192&nonce_str=3655b01dead54dbd8c03d2d7361b8410&notify_url=http://ch.yzxx-soft.com/eh/ycb/wxpay/responseResult.do&openid=oYYPb0kX_sUAABZZF879tq9vYS44&out_trade_no=41515515051515&sign_type=MD5&spbill_create_ip=117.73.154.210&time_expire=20180124003120&time_start=20180124002519&total_fee=10&trade_type=JSAPI&
[DEBUG][2018-01-24 02:09:27,543][HttpUtils]submitPost:url=https://api.mch.weixin.qq.com/pay/unifiedorder
[DEBUG][2018-01-24 02:09:27,543][HttpUtils]submitPost:paramContent=<?xml version="1.0" encoding="UTF-8" standalone="no"?>
<xml>
<nonce_str>3655b01dead54dbd8c03d2d7361b8410</nonce_str>
<time_expire>20180124003120</time_expire>
<time_start>20180124002519</time_start>
<openid>oYYPb0kX_sUAABZZF879tq9vYS44</openid>
<sign>59F811DFEFFED4B4506FF84BDA537085</sign>
<fee_type>CNY</fee_type>
<mch_id>1496252192</mch_id>
<body>24咖啡-机器</body>
<notify_url>http://ch.yzxx-soft.com/eh/ycb/wxpay/responseResult.do</notify_url>
<spbill_create_ip>117.73.154.210</spbill_create_ip>
<out_trade_no>41515515051515</out_trade_no>
<appid>wx88cb890e1e079473</appid>
<total_fee>10</total_fee>
<trade_type>JSAPI</trade_type>
<detail>咖啡机名额购买</detail>
<sign_type>MD5</sign_type>
</xml>

[DEBUG][2018-01-24 02:09:28,279][HttpUtils]submitPost:responseMessage=<xml><return_code><![CDATA[FAIL]]></return_code>
<return_msg><![CDATA[time_expire时间过短，刷卡至少1分钟，其他5分钟]]></return_msg>
</xml>
[INFO][2018-01-24 02:09:58,713][com.ycb.util.SortUtils]排序后的字符串为=》appid=wx88cb890e1e079473&body=24咖啡-机器&detail=咖啡机名额购买&fee_type=CNY&mch_id=1496252192&nonce_str=274180d7bfd44ef9bdd065c9f934c58e&notify_url=http://ch.yzxx-soft.com/eh/ycb/wxpay/responseResult.do&openid=oYYPb0kX_sUAABZZF879tq9vYS44&out_trade_no=4151215051515&sign_type=MD5&spbill_create_ip=117.73.154.210&time_expire=20180124003120&time_start=20180124002519&total_fee=10&trade_type=JSAPI&
[DEBUG][2018-01-24 02:09:58,786][HttpUtils]submitPost:url=https://api.mch.weixin.qq.com/pay/unifiedorder
[DEBUG][2018-01-24 02:09:58,787][HttpUtils]submitPost:paramContent=<?xml version="1.0" encoding="UTF-8" standalone="no"?>
<xml>
<nonce_str>274180d7bfd44ef9bdd065c9f934c58e</nonce_str>
<time_expire>20180124003120</time_expire>
<time_start>20180124002519</time_start>
<openid>oYYPb0kX_sUAABZZF879tq9vYS44</openid>
<sign>0D87DBC3A953F1709C1401C699876088</sign>
<fee_type>CNY</fee_type>
<mch_id>1496252192</mch_id>
<body>24咖啡-机器</body>
<notify_url>http://ch.yzxx-soft.com/eh/ycb/wxpay/responseResult.do</notify_url>
<spbill_create_ip>117.73.154.210</spbill_create_ip>
<out_trade_no>4151215051515</out_trade_no>
<appid>wx88cb890e1e079473</appid>
<total_fee>10</total_fee>
<trade_type>JSAPI</trade_type>
<detail>咖啡机名额购买</detail>
<sign_type>MD5</sign_type>
</xml>

[DEBUG][2018-01-24 02:09:59,511][HttpUtils]submitPost:responseMessage=<xml><return_code><![CDATA[FAIL]]></return_code>
<return_msg><![CDATA[time_expire时间过短，刷卡至少1分钟，其他5分钟]]></return_msg>
</xml>
[INFO][2018-01-24 02:10:40,416][com.ycb.util.SortUtils]排序后的字符串为=》appid=wx88cb890e1e079473&body=24咖啡-机器&detail=咖啡机名额购买&fee_type=CNY&mch_id=1496252192&nonce_str=57b6afc751f04aedbdb647dd21aff10c&notify_url=http://ch.yzxx-soft.com/eh/ycb/wxpay/responseResult.do&openid=oYYPb0kX_sUAABZZF879tq9vYS44&out_trade_no=4151215051515&sign_type=MD5&spbill_create_ip=117.73.154.210&time_expire=20180124022920&time_start=20180124022119&total_fee=10&trade_type=JSAPI&
[DEBUG][2018-01-24 02:10:40,480][HttpUtils]submitPost:url=https://api.mch.weixin.qq.com/pay/unifiedorder
[DEBUG][2018-01-24 02:10:40,481][HttpUtils]submitPost:paramContent=<?xml version="1.0" encoding="UTF-8" standalone="no"?>
<xml>
<nonce_str>57b6afc751f04aedbdb647dd21aff10c</nonce_str>
<time_expire>20180124022920</time_expire>
<time_start>20180124022119</time_start>
<openid>oYYPb0kX_sUAABZZF879tq9vYS44</openid>
<sign>C8EA42F36A0E9990249A07969748354E</sign>
<fee_type>CNY</fee_type>
<mch_id>1496252192</mch_id>
<body>24咖啡-机器</body>
<notify_url>http://ch.yzxx-soft.com/eh/ycb/wxpay/responseResult.do</notify_url>
<spbill_create_ip>117.73.154.210</spbill_create_ip>
<out_trade_no>4151215051515</out_trade_no>
<appid>wx88cb890e1e079473</appid>
<total_fee>10</total_fee>
<trade_type>JSAPI</trade_type>
<detail>咖啡机名额购买</detail>
<sign_type>MD5</sign_type>
</xml>

[DEBUG][2018-01-24 02:10:41,192][HttpUtils]submitPost:responseMessage=<xml><return_code><![CDATA[SUCCESS]]></return_code>
<return_msg><![CDATA[OK]]></return_msg>
<appid><![CDATA[wx88cb890e1e079473]]></appid>
<mch_id><![CDATA[1496252192]]></mch_id>
<nonce_str><![CDATA[uh6zn9TMJL9zvPD7]]></nonce_str>
<sign><![CDATA[F76D09C19DC9B5270FB3E882B939F283]]></sign>
<result_code><![CDATA[SUCCESS]]></result_code>
<prepay_id><![CDATA[wx20180124021040f21bc3a1dd0314453074]]></prepay_id>
<trade_type><![CDATA[JSAPI]]></trade_type>
</xml>
[DEBUG][2018-01-25 01:06:27,576][HttpUtils]submitPost:url=https://api.mch.weixin.qq.com/sandboxnew/pay/getsignkey
[DEBUG][2018-01-25 01:06:27,577][HttpUtils]submitPost:paramContent=<?xml version="1.0" encoding="UTF-8" standalone="no"?>
<xml>
<nonce_str>5K8264ILTKCH16CQ2502SI8ZNMTM67VS</nonce_str>
<sign>5K8264ILTKCH16CQ2502SI8ZNMTM67VS</sign>
<mch_id>1496252192</mch_id>
</xml>

[DEBUG][2018-01-25 01:06:30,036][HttpUtils]submitPost:responseMessage=<xml>
  <return_code><![CDATA[FAIL]]></return_code>
  <return_msg><![CDATA[获取沙箱密钥失败，确认交易密钥是否正确]]></return_msg>
</xml>
[DEBUG][2018-01-25 01:06:52,052][HttpUtils]submitPost:url=https://api.mch.weixin.qq.com/sandboxnew/pay/getsignkey
[DEBUG][2018-01-25 01:06:52,054][HttpUtils]submitPost:paramContent=<?xml version="1.0" encoding="UTF-8" standalone="no"?>
<xml>
<nonce_str>5K8264ILTKCH16CQ2502SI8ZNMTM67VS</nonce_str>
<sign>ycbqc18103517010zly17611540713ch</sign>
<mch_id>1496252192</mch_id>
</xml>

[DEBUG][2018-01-25 01:06:54,036][HttpUtils]submitPost:responseMessage=<xml>
  <return_code><![CDATA[FAIL]]></return_code>
  <return_msg><![CDATA[获取沙箱密钥失败，确认交易密钥是否正确]]></return_msg>
</xml>
[DEBUG][2018-01-25 21:37:49,388][HttpUtils]submitPost:url=https://api.mch.weixin.qq.com/sandboxnew/pay/getsignkey
[DEBUG][2018-01-25 21:37:49,478][HttpUtils]submitPost:paramContent=<?xml version="1.0" encoding="UTF-8" standalone="no"?>
<xml>
<nonce_str>5K8264ILTKCH16CQ2502SI8ZNMTM67VS</nonce_str>
<sign>ycbqc18103517010zly17611540713ch</sign>
<mch_id>1496252192</mch_id>
</xml>

[DEBUG][2018-01-25 21:37:54,900][HttpUtils]submitPost:responseMessage=<xml>
  <return_code><![CDATA[FAIL]]></return_code>
  <return_msg><![CDATA[获取沙箱密钥失败，确认交易密钥是否正确]]></return_msg>
</xml>
[DEBUG][2018-01-25 21:46:37,985][HttpUtils]submitPost:url=https://api.mch.weixin.qq.com/sandboxnew/pay/getsignkey
[DEBUG][2018-01-25 21:46:37,986][HttpUtils]submitPost:paramContent=<?xml version="1.0" encoding="UTF-8" standalone="no"?>
<xml>
<nonce_str>fa934a4eaef84dbe93e7afb0d4fdf1ad</nonce_str>
<sign>7207EC3956F4C64D3D3BA5CA591D35B5</sign>
<mch_id>1496252192</mch_id>
</xml>

[DEBUG][2018-01-25 21:46:40,863][HttpUtils]submitPost:responseMessage=<xml>
  <return_code><![CDATA[SUCCESS]]></return_code>
  <return_msg><![CDATA[ok]]></return_msg>
  <sandbox_signkey><![CDATA[6e1a744aec597d961092f40f5088e1be]]></sandbox_signkey>
</xml>
[DEBUG][2018-01-27 23:11:38,890][HttpUtils]submitPost:url=https://api.mch.weixin.qq.com/sandboxnew/pay/getsignkey
[DEBUG][2018-01-27 23:11:38,892][HttpUtils]submitPost:paramContent=<?xml version="1.0" encoding="UTF-8" standalone="no"?>
<xml>
<nonce_str>8b40cb91e0904074a554f89ae2e5aeaf</nonce_str>
<sign>F3D6B177F9E3A0C7EA1061F69C4FBD86</sign>
<mch_id>1496252192</mch_id>
</xml>

[DEBUG][2018-01-27 23:11:41,579][HttpUtils]submitPost:responseMessage=<xml>
  <return_code><![CDATA[SUCCESS]]></return_code>
  <return_msg><![CDATA[ok]]></return_msg>
  <sandbox_signkey><![CDATA[dff3e9abba5296d1ca1e552e3475bb20]]></sandbox_signkey>
</xml>
[DEBUG][2018-01-28 19:26:05,962][HttpUtils]submitPost:url=https://api.mch.weixin.qq.com/pay/sandboxnew/unifiedorder
[DEBUG][2018-01-28 19:26:05,963][HttpUtils]submitPost:paramContent=<?xml version="1.0" encoding="UTF-8" standalone="no"?>
<xml>
<time_expire>20180128192608</time_expire>
<out_trade_no>00000000000000881186935308463387</out_trade_no>
<time_start>20180128192108</time_start>
<openid>oYYPb0kX_sUAABZZF879tq9vYS44</openid>
<total_fee>101</total_fee>
<trade_type>JSAPI</trade_type>
<body>小张南山店-超市</body>
<notify_url>http://ch.jwangkun.com/eh/ycb/wxpay/responseResult.do</notify_url>
<sign_type>MD5</sign_type>
<spbill_create_ip>61.148.243.132</spbill_create_ip>
</xml>

[ERROR][2018-01-28 19:26:06,974][HttpUtils]ERROR
java.io.FileNotFoundException: https://api.mch.weixin.qq.com/pay/sandboxnew/unifiedorder
	at sun.net.www.protocol.http.HttpURLConnection.getInputStream0(HttpURLConnection.java:1890)
	at sun.net.www.protocol.http.HttpURLConnection.getInputStream(HttpURLConnection.java:1492)
	at sun.net.www.protocol.https.HttpsURLConnectionImpl.getInputStream(HttpsURLConnectionImpl.java:263)
	at com.ycb.util.HttpUtils.submitPost(HttpUtils.java:113)
	at com.ycb.test.PayTest.main(PayTest.java:16)
[ERROR][2018-01-28 19:26:06,980][HttpUtils]ERROR
java.lang.NullPointerException
	at com.ycb.util.HttpUtils.submitPost(HttpUtils.java:124)
	at com.ycb.test.PayTest.main(PayTest.java:16)
[DEBUG][2018-01-28 19:28:12,222][HttpUtils]submitPost:url=https://api.mch.weixin.qq.com/pay/sandboxnew/unifiedorder
[DEBUG][2018-01-28 19:28:12,223][HttpUtils]submitPost:paramContent=<?xml version="1.0" encoding="UTF-8" standalone="no"?>
<xml>
<time_expire>20180128192608</time_expire>
<out_trade_no>00000000000000881186935308463387</out_trade_no>
<time_start>20180128192108</time_start>
<openid>oYYPb0kX_sUAABZZF879tq9vYS44</openid>
<total_fee>101</total_fee>
<trade_type>JSAPI</trade_type>
<body>小张南山店-超市</body>
<notify_url>http://ch.jwangkun.com/eh/ycb/wxpay/responseResult.do</notify_url>
<sign_type>MD5</sign_type>
<spbill_create_ip>61.148.243.132</spbill_create_ip>
</xml>

[ERROR][2018-01-28 19:28:14,390][HttpUtils]ERROR
java.io.FileNotFoundException: https://api.mch.weixin.qq.com/pay/sandboxnew/unifiedorder
	at sun.net.www.protocol.http.HttpURLConnection.getInputStream0(HttpURLConnection.java:1890)
	at sun.net.www.protocol.http.HttpURLConnection.getInputStream(HttpURLConnection.java:1492)
	at sun.net.www.protocol.https.HttpsURLConnectionImpl.getInputStream(HttpsURLConnectionImpl.java:263)
	at com.ycb.util.HttpUtils.submitPost(HttpUtils.java:113)
	at com.ycb.test.PayTest.main(PayTest.java:16)
[ERROR][2018-01-28 19:28:14,410][HttpUtils]ERROR
java.lang.NullPointerException
	at com.ycb.util.HttpUtils.submitPost(HttpUtils.java:124)
	at com.ycb.test.PayTest.main(PayTest.java:16)
[INFO][2018-01-28 19:28:47,720][com.ycb.util.SortUtils]排序后的字符串为=》appid=wx88cb890e1e079473&body=24咖啡-机器&detail=咖啡机名额购买&fee_type=CNY&mch_id=1496252192&nonce_str=beaf0239c7d44d6086f8751e739f625e&notify_url=http://ch.jwangkun.com/eh/ycb/wxpay/responseResult.do&openid=oYYPb0kX_sUAABZZF879tq9vYS44&out_trade_no=4151215051515&sign_type=MD5&spbill_create_ip=117.73.154.210&time_expire=20180124022920&time_start=20180124022119&total_fee=10&trade_type=JSAPI&
[DEBUG][2018-01-28 19:28:47,772][HttpUtils]submitPost:url=https://api.mch.weixin.qq.com/pay/unifiedorder
[DEBUG][2018-01-28 19:28:47,773][HttpUtils]submitPost:paramContent=<?xml version="1.0" encoding="UTF-8" standalone="no"?>
<xml>
<nonce_str>beaf0239c7d44d6086f8751e739f625e</nonce_str>
<time_expire>20180124022920</time_expire>
<time_start>20180124022119</time_start>
<openid>oYYPb0kX_sUAABZZF879tq9vYS44</openid>
<sign>085887B805DAD22509F65FA23B2D1848</sign>
<fee_type>CNY</fee_type>
<mch_id>1496252192</mch_id>
<body>24咖啡-机器</body>
<notify_url>http://ch.jwangkun.com/eh/ycb/wxpay/responseResult.do</notify_url>
<spbill_create_ip>117.73.154.210</spbill_create_ip>
<out_trade_no>4151215051515</out_trade_no>
<appid>wx88cb890e1e079473</appid>
<total_fee>10</total_fee>
<trade_type>JSAPI</trade_type>
<detail>咖啡机名额购买</detail>
<sign_type>MD5</sign_type>
</xml>

[DEBUG][2018-01-28 19:28:48,421][HttpUtils]submitPost:responseMessage=<xml><return_code><![CDATA[FAIL]]></return_code>
<return_msg><![CDATA[time_expire时间过短，刷卡至少1分钟，其他5分钟]]></return_msg>
</xml>
[INFO][2018-01-28 20:05:50,597][com.ycb.util.SortUtils]排序后的字符串为=》appid=wx88cb890e1e079473&body=24咖啡-机器&detail=咖啡机名额购买&fee_type=CNY&mch_id=1496252192&nonce_str=43bcc5f7d632474e9326362a7abe920c&notify_url=http://ch.jwangkun.com/eh/ycb/wxpay/responseResult.do&openid=oYYPb0kX_sUAABZZF879tq9vYS44&out_trade_no=4151215051515&sign_type=MD5&spbill_create_ip=117.73.154.210&time_expire=20180124022920&time_start=20180124022119&total_fee=10&trade_type=JSAPI&
[DEBUG][2018-01-28 20:05:50,669][HttpUtils]submitPost:url=https://api.mch.weixin.qq.com/pay/unifiedorder
[DEBUG][2018-01-28 20:05:50,669][HttpUtils]submitPost:paramContent=<?xml version="1.0" encoding="UTF-8" standalone="no"?>
<xml>
<nonce_str>43bcc5f7d632474e9326362a7abe920c</nonce_str>
<time_expire>20180124022920</time_expire>
<time_start>20180124022119</time_start>
<openid>oYYPb0kX_sUAABZZF879tq9vYS44</openid>
<sign>5559028151B32AE841C8D47682F0BEF7</sign>
<fee_type>CNY</fee_type>
<mch_id>1496252192</mch_id>
<body>24咖啡-机器</body>
<notify_url>http://ch.jwangkun.com/eh/ycb/wxpay/responseResult.do</notify_url>
<spbill_create_ip>117.73.154.210</spbill_create_ip>
<out_trade_no>4151215051515</out_trade_no>
<appid>wx88cb890e1e079473</appid>
<total_fee>10</total_fee>
<trade_type>JSAPI</trade_type>
<detail>咖啡机名额购买</detail>
<sign_type>MD5</sign_type>
</xml>

[DEBUG][2018-01-28 20:05:51,306][HttpUtils]submitPost:responseMessage=<xml><return_code><![CDATA[FAIL]]></return_code>
<return_msg><![CDATA[time_expire时间过短，刷卡至少1分钟，其他5分钟]]></return_msg>
</xml>
[DEBUG][2018-01-28 20:56:54,501][HttpUtils]submitPost:url=https://api.mch.weixin.qq.com/sandboxnew/pay/unifiedorder
[DEBUG][2018-01-28 20:56:54,502][HttpUtils]submitPost:paramContent=<?xml version="1.0" encoding="UTF-8" standalone="no"?>
<xml>
<nonce_str>74ca0c901f9a4dc6a0180ae1096e74af</nonce_str>
<out_trade_no>00000000000000881199230433138420</out_trade_no>
<appid>wx88cb890e1e079473</appid>
<sign>D5F282270680624E8FE7731851415D8D</sign>
<mch_id>1496252192</mch_id>
</xml>

[DEBUG][2018-01-28 20:56:55,076][HttpUtils]submitPost:responseMessage=
[DEBUG][2018-01-28 20:57:25,123][HttpUtils]submitPost:url=https://api.mch.weixin.qq.com/sandboxnew/pay/unifiedorder
[DEBUG][2018-01-28 20:57:25,124][HttpUtils]submitPost:paramContent=<?xml version="1.0" encoding="UTF-8" standalone="no"?>
<xml>
<nonce_str>9e8653463fe94807a985efa623bc6b0e</nonce_str>
<out_trade_no>00000000000000881199230433138420</out_trade_no>
<appid>wx88cb890e1e079473</appid>
<sign>5393DE9E42218795339C914449D59BB2</sign>
<mch_id>1496252192</mch_id>
</xml>

[DEBUG][2018-01-28 20:57:25,634][HttpUtils]submitPost:responseMessage=
[DEBUG][2018-01-28 20:57:47,555][HttpUtils]submitPost:url=https://api.mch.weixin.qq.com/sandboxnew/pay/orderquery
[DEBUG][2018-01-28 20:57:47,556][HttpUtils]submitPost:paramContent=<?xml version="1.0" encoding="UTF-8" standalone="no"?>
<xml>
<nonce_str>7fa2e060eb1d404389d554b2d4ff29e4</nonce_str>
<out_trade_no>00000000000000881199230433138420</out_trade_no>
<appid>wx88cb890e1e079473</appid>
<sign>CBA9E574772BC152E8CDDCEE6DEC3207</sign>
<mch_id>1496252192</mch_id>
</xml>

[DEBUG][2018-01-28 20:57:48,431][HttpUtils]submitPost:responseMessage=<xml>
  <sub_mch_id><![CDATA[]]></sub_mch_id>
  <nonce_str><![CDATA[7fa2e060eb1d404389d554b2d4ff29e4]]></nonce_str>
  <return_code><![CDATA[SUCCESS]]></return_code>
  <err_code_des><![CDATA[订单不存在]]></err_code_des>
  <sign><![CDATA[5F07C5EB0D4989A4B6C53E30BB3A838E]]></sign>
  <mch_id><![CDATA[1496252192]]></mch_id>
  <return_msg><![CDATA[OK]]></return_msg>
  <appid><![CDATA[wx88cb890e1e079473]]></appid>
  <result_code><![CDATA[FAIL]]></result_code>
  <err_code><![CDATA[ORDERNOTEXIST]]></err_code>
</xml>
[INFO][2018-01-28 21:00:53,134][com.ycb.util.SortUtils]排序后的字符串为=》appid=wx88cb890e1e079473&body=24咖啡-机器&detail=咖啡机名额购买&fee_type=CNY&mch_id=1496252192&nonce_str=db3a0bebab2f4723b34251c638cf3b3d&notify_url=http://ch.jwangkun.com/eh/ycb/wxpay/responseResult.do&openid=oYYPb0kX_sUAABZZF879tq9vYS44&out_trade_no=4151215051515&sign_type=MD5&spbill_create_ip=117.73.154.210&time_expire=20180124022919&time_start=20180124022119&total_fee=10&trade_type=JSAPI&
[DEBUG][2018-01-28 21:00:53,197][HttpUtils]submitPost:url=https://api.mch.weixin.qq.com/pay/unifiedorder
[DEBUG][2018-01-28 21:00:53,197][HttpUtils]submitPost:paramContent=<?xml version="1.0" encoding="UTF-8" standalone="no"?>
<xml>
<nonce_str>db3a0bebab2f4723b34251c638cf3b3d</nonce_str>
<time_expire>20180124022919</time_expire>
<time_start>20180124022119</time_start>
<openid>oYYPb0kX_sUAABZZF879tq9vYS44</openid>
<sign>6042A5729FC5B68F59C5482C8CD03650</sign>
<fee_type>CNY</fee_type>
<mch_id>1496252192</mch_id>
<body>24咖啡-机器</body>
<notify_url>http://ch.jwangkun.com/eh/ycb/wxpay/responseResult.do</notify_url>
<spbill_create_ip>117.73.154.210</spbill_create_ip>
<out_trade_no>4151215051515</out_trade_no>
<appid>wx88cb890e1e079473</appid>
<total_fee>10</total_fee>
<trade_type>JSAPI</trade_type>
<detail>咖啡机名额购买</detail>
<sign_type>MD5</sign_type>
</xml>

[DEBUG][2018-01-28 21:00:53,874][HttpUtils]submitPost:responseMessage=<xml><return_code><![CDATA[FAIL]]></return_code>
<return_msg><![CDATA[time_expire时间过短，刷卡至少1分钟，其他5分钟]]></return_msg>
</xml>
[INFO][2018-01-28 21:01:09,452][com.ycb.util.SortUtils]排序后的字符串为=》appid=wx88cb890e1e079473&body=24咖啡-机器&detail=咖啡机名额购买&fee_type=CNY&mch_id=1496252192&nonce_str=33d59fa66c184e8ebc06272caaa1f49c&notify_url=http://ch.jwangkun.com/eh/ycb/wxpay/responseResult.do&openid=oYYPb0kX_sUAABZZF879tq9vYS44&out_trade_no=4151215051515&sign_type=MD5&spbill_create_ip=117.73.154.210&time_expire=20180124022919&time_start=20180124022119&total_fee=10&trade_type=JSAPI&
[DEBUG][2018-01-28 21:01:09,519][HttpUtils]submitPost:url=https://api.mch.weixin.qq.com/pay/unifiedorder
[DEBUG][2018-01-28 21:01:09,519][HttpUtils]submitPost:paramContent=<?xml version="1.0" encoding="UTF-8" standalone="no"?>
<xml>
<nonce_str>33d59fa66c184e8ebc06272caaa1f49c</nonce_str>
<time_expire>20180124022919</time_expire>
<time_start>20180124022119</time_start>
<openid>oYYPb0kX_sUAABZZF879tq9vYS44</openid>
<sign>C2F6966369F41FEFCEE75E8E0177B44C</sign>
<fee_type>CNY</fee_type>
<mch_id>1496252192</mch_id>
<body>24咖啡-机器</body>
<notify_url>http://ch.jwangkun.com/eh/ycb/wxpay/responseResult.do</notify_url>
<spbill_create_ip>117.73.154.210</spbill_create_ip>
<out_trade_no>4151215051515</out_trade_no>
<appid>wx88cb890e1e079473</appid>
<total_fee>10</total_fee>
<trade_type>JSAPI</trade_type>
<detail>咖啡机名额购买</detail>
<sign_type>MD5</sign_type>
</xml>

[DEBUG][2018-01-28 21:01:10,124][HttpUtils]submitPost:responseMessage=<xml><return_code><![CDATA[FAIL]]></return_code>
<return_msg><![CDATA[time_expire时间过短，刷卡至少1分钟，其他5分钟]]></return_msg>
</xml>
[INFO][2018-01-28 21:02:31,809][com.ycb.util.SortUtils]排序后的字符串为=》appid=wx88cb890e1e079473&body=24咖啡-机器&detail=咖啡机名额购买&fee_type=CNY&mch_id=1496252192&nonce_str=ca9eea14d2be4bdaba324c0af4569981&notify_url=http://ch.jwangkun.com/eh/ycb/wxpay/responseResult.do&openid=oYYPb0kX_sUAABZZF879tq9vYS44&out_trade_no=4151215051515&sign_type=MD5&spbill_create_ip=117.73.154.210&time_expire=20180128210700&time_start=20180128210100&total_fee=10&trade_type=JSAPI&
[DEBUG][2018-01-28 21:02:31,882][HttpUtils]submitPost:url=https://api.mch.weixin.qq.com/pay/unifiedorder
[DEBUG][2018-01-28 21:02:31,882][HttpUtils]submitPost:paramContent=<?xml version="1.0" encoding="UTF-8" standalone="no"?>
<xml>
<nonce_str>ca9eea14d2be4bdaba324c0af4569981</nonce_str>
<time_expire>20180128210700</time_expire>
<time_start>20180128210100</time_start>
<openid>oYYPb0kX_sUAABZZF879tq9vYS44</openid>
<sign>B01C9E3571AD6254FD94ADE6EFBEE514</sign>
<fee_type>CNY</fee_type>
<mch_id>1496252192</mch_id>
<body>24咖啡-机器</body>
<notify_url>http://ch.jwangkun.com/eh/ycb/wxpay/responseResult.do</notify_url>
<spbill_create_ip>117.73.154.210</spbill_create_ip>
<out_trade_no>4151215051515</out_trade_no>
<appid>wx88cb890e1e079473</appid>
<total_fee>10</total_fee>
<trade_type>JSAPI</trade_type>
<detail>咖啡机名额购买</detail>
<sign_type>MD5</sign_type>
</xml>

[DEBUG][2018-01-28 21:02:32,546][HttpUtils]submitPost:responseMessage=<xml><return_code><![CDATA[SUCCESS]]></return_code>
<return_msg><![CDATA[OK]]></return_msg>
<appid><![CDATA[wx88cb890e1e079473]]></appid>
<mch_id><![CDATA[1496252192]]></mch_id>
<nonce_str><![CDATA[rgilD3PQ80g48oOu]]></nonce_str>
<sign><![CDATA[EF9B16B408AA17BCFABD3247B6B0966B]]></sign>
<result_code><![CDATA[FAIL]]></result_code>
<err_code><![CDATA[INVALID_REQUEST]]></err_code>
<err_code_des><![CDATA[201 商户订单号重复]]></err_code_des>
</xml>
[INFO][2018-01-28 21:02:44,524][com.ycb.util.SortUtils]排序后的字符串为=》appid=wx88cb890e1e079473&body=24咖啡-机器&detail=咖啡机名额购买&fee_type=CNY&mch_id=1496252192&nonce_str=1bc129841b2c4dc5b81bac21a2f464ce&notify_url=http://ch.jwangkun.com/eh/ycb/wxpay/responseResult.do&openid=oYYPb0kX_sUAABZZF879tq9vYS44&out_trade_no=4151215061515&sign_type=MD5&spbill_create_ip=117.73.154.210&time_expire=20180128210700&time_start=20180128210100&total_fee=10&trade_type=JSAPI&
[DEBUG][2018-01-28 21:02:44,585][HttpUtils]submitPost:url=https://api.mch.weixin.qq.com/pay/unifiedorder
[DEBUG][2018-01-28 21:02:44,586][HttpUtils]submitPost:paramContent=<?xml version="1.0" encoding="UTF-8" standalone="no"?>
<xml>
<nonce_str>1bc129841b2c4dc5b81bac21a2f464ce</nonce_str>
<time_expire>20180128210700</time_expire>
<time_start>20180128210100</time_start>
<openid>oYYPb0kX_sUAABZZF879tq9vYS44</openid>
<sign>6CA62100FC6242283CE8100C0D7A0762</sign>
<fee_type>CNY</fee_type>
<mch_id>1496252192</mch_id>
<body>24咖啡-机器</body>
<notify_url>http://ch.jwangkun.com/eh/ycb/wxpay/responseResult.do</notify_url>
<spbill_create_ip>117.73.154.210</spbill_create_ip>
<out_trade_no>4151215061515</out_trade_no>
<appid>wx88cb890e1e079473</appid>
<total_fee>10</total_fee>
<trade_type>JSAPI</trade_type>
<detail>咖啡机名额购买</detail>
<sign_type>MD5</sign_type>
</xml>

[DEBUG][2018-01-28 21:02:45,248][HttpUtils]submitPost:responseMessage=<xml><return_code><![CDATA[SUCCESS]]></return_code>
<return_msg><![CDATA[OK]]></return_msg>
<appid><![CDATA[wx88cb890e1e079473]]></appid>
<mch_id><![CDATA[1496252192]]></mch_id>
<nonce_str><![CDATA[jv9GCYmne8HXPnRY]]></nonce_str>
<sign><![CDATA[EE6BAFA437C3B994E7C09DD1CB15C9B6]]></sign>
<result_code><![CDATA[SUCCESS]]></result_code>
<prepay_id><![CDATA[wx20180128210240f46e0a65140795282902]]></prepay_id>
<trade_type><![CDATA[JSAPI]]></trade_type>
</xml>
[DEBUG][2018-01-28 21:03:13,037][HttpUtils]submitPost:url=https://api.mch.weixin.qq.com/sandboxnew/pay/orderquery
[DEBUG][2018-01-28 21:03:13,038][HttpUtils]submitPost:paramContent=<?xml version="1.0" encoding="UTF-8" standalone="no"?>
<xml>
<nonce_str>943133f1cdef4144ad80179485e42216</nonce_str>
<out_trade_no>4151215061515</out_trade_no>
<appid>wx88cb890e1e079473</appid>
<sign>907B9F4981B99A897FA9ADAEC17A5E86</sign>
<mch_id>1496252192</mch_id>
</xml>

[DEBUG][2018-01-28 21:03:14,192][HttpUtils]submitPost:responseMessage=<xml>
  <sub_mch_id><![CDATA[]]></sub_mch_id>
  <nonce_str><![CDATA[943133f1cdef4144ad80179485e42216]]></nonce_str>
  <return_code><![CDATA[SUCCESS]]></return_code>
  <err_code_des><![CDATA[订单不存在]]></err_code_des>
  <sign><![CDATA[40B74E1D7A669C707CEF531DC7C55663]]></sign>
  <mch_id><![CDATA[1496252192]]></mch_id>
  <return_msg><![CDATA[OK]]></return_msg>
  <appid><![CDATA[wx88cb890e1e079473]]></appid>
  <result_code><![CDATA[FAIL]]></result_code>
  <err_code><![CDATA[ORDERNOTEXIST]]></err_code>
</xml>
[DEBUG][2018-01-28 21:03:39,255][HttpUtils]submitPost:url=https://api.mch.weixin.qq.com/pay/orderquery
[DEBUG][2018-01-28 21:03:39,256][HttpUtils]submitPost:paramContent=<?xml version="1.0" encoding="UTF-8" standalone="no"?>
<xml>
<nonce_str>6fd2fad5c35f4ddc824f4ec71d850ec9</nonce_str>
<out_trade_no>4151215061515</out_trade_no>
<appid>wx88cb890e1e079473</appid>
<sign>F4708187A46679CD83E1DC377538B5F1</sign>
<mch_id>1496252192</mch_id>
</xml>

[DEBUG][2018-01-28 21:03:39,813][HttpUtils]submitPost:responseMessage=<xml><return_code><![CDATA[FAIL]]></return_code>
<return_msg><![CDATA[签名错误]]></return_msg>
</xml>
[DEBUG][2018-01-28 21:04:39,771][HttpUtils]submitPost:url=https://api.mch.weixin.qq.com/pay/orderquery
[DEBUG][2018-01-28 21:04:39,772][HttpUtils]submitPost:paramContent=<?xml version="1.0" encoding="UTF-8" standalone="no"?>
<xml>
<nonce_str>7c29fb0ebb3e48178342443e9e1e1510</nonce_str>
<out_trade_no>4151215061515</out_trade_no>
<appid>wx88cb890e1e079473</appid>
<sign>88C2E661FB4EAFD8EA0BBBE9254CD113</sign>
<mch_id>1496252192</mch_id>
</xml>

[DEBUG][2018-01-28 21:04:40,350][HttpUtils]submitPost:responseMessage=<xml><return_code><![CDATA[SUCCESS]]></return_code>
<return_msg><![CDATA[OK]]></return_msg>
<appid><![CDATA[wx88cb890e1e079473]]></appid>
<mch_id><![CDATA[1496252192]]></mch_id>
<nonce_str><![CDATA[zOlEw8GE5F9r4tZE]]></nonce_str>
<sign><![CDATA[C78A62D48184597E750A9552F1C1B7BB]]></sign>
<result_code><![CDATA[SUCCESS]]></result_code>
<out_trade_no><![CDATA[4151215061515]]></out_trade_no>
<trade_state><![CDATA[NOTPAY]]></trade_state>
<trade_state_desc><![CDATA[订单未支付]]></trade_state_desc>
</xml>
[DEBUG][2018-01-28 21:06:04,130][HttpUtils]submitPost:url=https://api.mch.weixin.qq.com/pay/orderquery
[DEBUG][2018-01-28 21:06:04,131][HttpUtils]submitPost:paramContent=<?xml version="1.0" encoding="UTF-8" standalone="no"?>
<xml>
<nonce_str>abba990832fd476686c4254688198589</nonce_str>
<out_trade_no>00000000000000881239310814193066</out_trade_no>
<appid>wx88cb890e1e079473</appid>
<sign>F74064758F3ACFEFE144AC2E65933261</sign>
<mch_id>1496252192</mch_id>
</xml>

[DEBUG][2018-01-28 21:06:04,696][HttpUtils]submitPost:responseMessage=<xml><return_code><![CDATA[FAIL]]></return_code>
<return_msg><![CDATA[签名错误]]></return_msg>
</xml>
[DEBUG][2018-01-28 21:06:54,734][HttpUtils]submitPost:url=https://api.mch.weixin.qq.com/sandboxnew/pay/orderquery
[DEBUG][2018-01-28 21:06:54,735][HttpUtils]submitPost:paramContent=<?xml version="1.0" encoding="UTF-8" standalone="no"?>
<xml>
<nonce_str>a75ff8614c4244c09eab6d671e40cba8</nonce_str>
<out_trade_no>00000000000000881239310814193066</out_trade_no>
<appid>wx88cb890e1e079473</appid>
<sign>95CF439F910DE51F8BADD9545F39EFE2</sign>
<mch_id>1496252192</mch_id>
</xml>

[DEBUG][2018-01-28 21:06:55,591][HttpUtils]submitPost:responseMessage=<xml>
  <openid><![CDATA[wxd930ea5d5a258f4f]]></openid>
  <sub_mch_id><![CDATA[]]></sub_mch_id>
  <cash_fee_type><![CDATA[CNY]]></cash_fee_type>
  <settlement_total_fee><![CDATA[101]]></settlement_total_fee>
  <nonce_str><![CDATA[a75ff8614c4244c09eab6d671e40cba8]]></nonce_str>
  <return_code><![CDATA[SUCCESS]]></return_code>
  <err_code_des><![CDATA[SUCCESS]]></err_code_des>
  <time_end><![CDATA[20180128210650]]></time_end>
  <mch_id><![CDATA[1496252192]]></mch_id>
  <trade_type><![CDATA[JSAPI]]></trade_type>
  <trade_state_desc><![CDATA[ok]]></trade_state_desc>
  <trade_state><![CDATA[SUCCESS]]></trade_state>
  <sign><![CDATA[7683FFAC204CAE3C5AF5B5593FEEA140]]></sign>
  <cash_fee><![CDATA[101]]></cash_fee>
  <is_subscribe><![CDATA[Y]]></is_subscribe>
  <return_msg><![CDATA[OK]]></return_msg>
  <fee_type><![CDATA[CNY]]></fee_type>
  <bank_type><![CDATA[CMC]]></bank_type>
  <attach><![CDATA[sandbox_attach]]></attach>
  <device_info><![CDATA[sandbox]]></device_info>
  <out_trade_no><![CDATA[00000000000000881239310814193066]]></out_trade_no>
  <transaction_id><![CDATA[20180128210650344624354]]></transaction_id>
  <total_fee><![CDATA[101]]></total_fee>
  <appid><![CDATA[wx88cb890e1e079473]]></appid>
  <result_code><![CDATA[SUCCESS]]></result_code>
  <err_code><![CDATA[SUCCESS]]></err_code>
</xml>
[DEBUG][2018-01-28 21:07:35,756][HttpUtils]submitPost:url=https://api.mch.weixin.qq.com/sandboxnew/pay/orderquery
[DEBUG][2018-01-28 21:07:35,758][HttpUtils]submitPost:paramContent=<?xml version="1.0" encoding="UTF-8" standalone="no"?>
<xml>
<nonce_str>8b2c428d099e4068803d661dba3babc1</nonce_str>
<out_trade_no>00000000000000881239310814193066</out_trade_no>
<appid>wx88cb890e1e079473</appid>
<sign>F20B87B92B6A85F2855E323DA4CC9537</sign>
<mch_id>1496252192</mch_id>
</xml>

[DEBUG][2018-01-28 21:07:36,895][HttpUtils]submitPost:responseMessage=<xml>
  <openid><![CDATA[wxd930ea5d5a258f4f]]></openid>
  <sub_mch_id><![CDATA[]]></sub_mch_id>
  <cash_fee_type><![CDATA[CNY]]></cash_fee_type>
  <settlement_total_fee><![CDATA[101]]></settlement_total_fee>
  <nonce_str><![CDATA[8b2c428d099e4068803d661dba3babc1]]></nonce_str>
  <return_code><![CDATA[SUCCESS]]></return_code>
  <err_code_des><![CDATA[SUCCESS]]></err_code_des>
  <time_end><![CDATA[20180128210731]]></time_end>
  <mch_id><![CDATA[1496252192]]></mch_id>
  <trade_type><![CDATA[JSAPI]]></trade_type>
  <trade_state_desc><![CDATA[ok]]></trade_state_desc>
  <trade_state><![CDATA[SUCCESS]]></trade_state>
  <sign><![CDATA[5C90CAF8182F7454F079A53A9FB41A6B]]></sign>
  <cash_fee><![CDATA[101]]></cash_fee>
  <is_subscribe><![CDATA[Y]]></is_subscribe>
  <return_msg><![CDATA[OK]]></return_msg>
  <fee_type><![CDATA[CNY]]></fee_type>
  <bank_type><![CDATA[CMC]]></bank_type>
  <attach><![CDATA[sandbox_attach]]></attach>
  <device_info><![CDATA[sandbox]]></device_info>
  <out_trade_no><![CDATA[00000000000000881239310814193066]]></out_trade_no>
  <transaction_id><![CDATA[20180128210731158139308]]></transaction_id>
  <total_fee><![CDATA[101]]></total_fee>
  <appid><![CDATA[wx88cb890e1e079473]]></appid>
  <result_code><![CDATA[SUCCESS]]></result_code>
  <err_code><![CDATA[SUCCESS]]></err_code>
</xml>
[DEBUG][2018-01-28 21:16:18,304][HttpUtils]submitPost:url=https://api.mch.weixin.qq.com/sandboxnew/pay/orderquery
[DEBUG][2018-01-28 21:16:18,305][HttpUtils]submitPost:paramContent=<?xml version="1.0" encoding="UTF-8" standalone="no"?>
<xml>
<nonce_str>df14577efb564337a4f281c9eaca3cf9</nonce_str>
<out_trade_no>00000000000000881244468012311619</out_trade_no>
<appid>wx88cb890e1e079473</appid>
<sign>0A23CACA9B17D6F849AC3EDAB07CA17C</sign>
<mch_id>1496252192</mch_id>
</xml>

[DEBUG][2018-01-28 21:16:19,099][HttpUtils]submitPost:responseMessage=<xml>
  <openid><![CDATA[wxd930ea5d5a258f4f]]></openid>
  <sub_mch_id><![CDATA[]]></sub_mch_id>
  <cash_fee_type><![CDATA[CNY]]></cash_fee_type>
  <settlement_total_fee><![CDATA[101]]></settlement_total_fee>
  <nonce_str><![CDATA[df14577efb564337a4f281c9eaca3cf9]]></nonce_str>
  <return_code><![CDATA[SUCCESS]]></return_code>
  <err_code_des><![CDATA[SUCCESS]]></err_code_des>
  <time_end><![CDATA[20180128211614]]></time_end>
  <mch_id><![CDATA[1496252192]]></mch_id>
  <trade_type><![CDATA[JSAPI]]></trade_type>
  <trade_state_desc><![CDATA[ok]]></trade_state_desc>
  <trade_state><![CDATA[SUCCESS]]></trade_state>
  <sign><![CDATA[4F2E788B81CDD6FA59CD4D9B208E7AEA]]></sign>
  <cash_fee><![CDATA[101]]></cash_fee>
  <is_subscribe><![CDATA[Y]]></is_subscribe>
  <return_msg><![CDATA[OK]]></return_msg>
  <fee_type><![CDATA[CNY]]></fee_type>
  <bank_type><![CDATA[CMC]]></bank_type>
  <attach><![CDATA[sandbox_attach]]></attach>
  <device_info><![CDATA[sandbox]]></device_info>
  <out_trade_no><![CDATA[00000000000000881244468012311619]]></out_trade_no>
  <transaction_id><![CDATA[20180128211614960035927]]></transaction_id>
  <total_fee><![CDATA[101]]></total_fee>
  <appid><![CDATA[wx88cb890e1e079473]]></appid>
  <result_code><![CDATA[SUCCESS]]></result_code>
  <err_code><![CDATA[SUCCESS]]></err_code>
</xml>
[DEBUG][2018-01-28 21:40:12,093][HttpUtils]submitPost:url=https://api.mch.weixin.qq.com/sandboxnew/pay/orderquery
[DEBUG][2018-01-28 21:40:12,095][HttpUtils]submitPost:paramContent=<?xml version="1.0" encoding="UTF-8" standalone="no"?>
<xml>
<nonce_str>8813f868a1a54a678666db5bb2e56d2d</nonce_str>
<out_trade_no>00000000000000881254962984038934</out_trade_no>
<appid>wx88cb890e1e079473</appid>
<sign>F9FFDF94BBF8BED3E1B7C612823D2180</sign>
<mch_id>1496252192</mch_id>
</xml>

[DEBUG][2018-01-28 21:40:12,924][HttpUtils]submitPost:responseMessage=<xml>
  <openid><![CDATA[wxd930ea5d5a258f4f]]></openid>
  <sub_mch_id><![CDATA[]]></sub_mch_id>
  <cash_fee_type><![CDATA[CNY]]></cash_fee_type>
  <settlement_total_fee><![CDATA[101]]></settlement_total_fee>
  <nonce_str><![CDATA[8813f868a1a54a678666db5bb2e56d2d]]></nonce_str>
  <return_code><![CDATA[SUCCESS]]></return_code>
  <err_code_des><![CDATA[SUCCESS]]></err_code_des>
  <time_end><![CDATA[20180128214007]]></time_end>
  <mch_id><![CDATA[1496252192]]></mch_id>
  <trade_type><![CDATA[JSAPI]]></trade_type>
  <trade_state_desc><![CDATA[ok]]></trade_state_desc>
  <trade_state><![CDATA[SUCCESS]]></trade_state>
  <sign><![CDATA[EA9265455A06038047A31A4AAC653F68]]></sign>
  <cash_fee><![CDATA[101]]></cash_fee>
  <is_subscribe><![CDATA[Y]]></is_subscribe>
  <return_msg><![CDATA[OK]]></return_msg>
  <fee_type><![CDATA[CNY]]></fee_type>
  <bank_type><![CDATA[CMC]]></bank_type>
  <attach><![CDATA[sandbox_attach]]></attach>
  <device_info><![CDATA[sandbox]]></device_info>
  <out_trade_no><![CDATA[00000000000000881254962984038934]]></out_trade_no>
  <transaction_id><![CDATA[20180128214007536826439]]></transaction_id>
  <total_fee><![CDATA[101]]></total_fee>
  <appid><![CDATA[wx88cb890e1e079473]]></appid>
  <result_code><![CDATA[SUCCESS]]></result_code>
  <err_code><![CDATA[SUCCESS]]></err_code>
</xml>
[DEBUG][2018-01-28 21:52:03,724][HttpUtils]submitPost:url=https://api.mch.weixin.qq.com/sandboxnew/pay/orderquery
[DEBUG][2018-01-28 21:52:03,724][HttpUtils]submitPost:paramContent=<?xml version="1.0" encoding="UTF-8" standalone="no"?>
<xml>
<nonce_str>28d4a146299043e698e25f439a87f77f</nonce_str>
<out_trade_no>00000000000000881262357798889616</out_trade_no>
<appid>wx88cb890e1e079473</appid>
<sign>4BF6DEEE87DBAF46F5298F6C6072AAF4</sign>
<mch_id>1496252192</mch_id>
</xml>

[DEBUG][2018-01-28 21:52:04,579][HttpUtils]submitPost:responseMessage=<xml>
  <openid><![CDATA[wxd930ea5d5a258f4f]]></openid>
  <sub_mch_id><![CDATA[]]></sub_mch_id>
  <cash_fee_type><![CDATA[CNY]]></cash_fee_type>
  <settlement_total_fee><![CDATA[131]]></settlement_total_fee>
  <nonce_str><![CDATA[28d4a146299043e698e25f439a87f77f]]></nonce_str>
  <return_code><![CDATA[SUCCESS]]></return_code>
  <err_code_des><![CDATA[SUCCESS]]></err_code_des>
  <time_end><![CDATA[20180128215159]]></time_end>
  <mch_id><![CDATA[1496252192]]></mch_id>
  <trade_type><![CDATA[JSAPI]]></trade_type>
  <trade_state_desc><![CDATA[ok]]></trade_state_desc>
  <trade_state><![CDATA[PAYERROR]]></trade_state>
  <sign><![CDATA[545E43B4E27F67296AF5FAFC920A06D6]]></sign>
  <cash_fee><![CDATA[131]]></cash_fee>
  <is_subscribe><![CDATA[Y]]></is_subscribe>
  <return_msg><![CDATA[OK]]></return_msg>
  <fee_type><![CDATA[CNY]]></fee_type>
  <bank_type><![CDATA[CMC]]></bank_type>
  <attach><![CDATA[sandbox_attach]]></attach>
  <device_info><![CDATA[sandbox]]></device_info>
  <out_trade_no><![CDATA[00000000000000881262357798889616]]></out_trade_no>
  <transaction_id><![CDATA[20180128215159893866452]]></transaction_id>
  <total_fee><![CDATA[131]]></total_fee>
  <appid><![CDATA[wx88cb890e1e079473]]></appid>
  <result_code><![CDATA[SUCCESS]]></result_code>
  <err_code><![CDATA[SUCCESS]]></err_code>
</xml>
[DEBUG][2018-01-28 21:54:44,684][HttpUtils]submitPost:url=https://api.mch.weixin.qq.com/sandboxnew/pay/orderquery
[DEBUG][2018-01-28 21:54:44,685][HttpUtils]submitPost:paramContent=<?xml version="1.0" encoding="UTF-8" standalone="no"?>
<xml>
<nonce_str>0512b72e8c3e4e34b9fb33a38f26be16</nonce_str>
<out_trade_no>00000000000000881263872703147123</out_trade_no>
<appid>wx88cb890e1e079473</appid>
<sign>22E9441F19D8F5075F52FAF8ED3F3229</sign>
<mch_id>1496252192</mch_id>
</xml>

[DEBUG][2018-01-28 21:54:45,519][HttpUtils]submitPost:responseMessage=<xml>
  <openid><![CDATA[wxd930ea5d5a258f4f]]></openid>
  <sub_mch_id><![CDATA[]]></sub_mch_id>
  <cash_fee_type><![CDATA[CNY]]></cash_fee_type>
  <settlement_total_fee><![CDATA[132]]></settlement_total_fee>
  <nonce_str><![CDATA[0512b72e8c3e4e34b9fb33a38f26be16]]></nonce_str>
  <return_code><![CDATA[SUCCESS]]></return_code>
  <err_code_des><![CDATA[SUCCESS]]></err_code_des>
  <time_end><![CDATA[20180128215440]]></time_end>
  <mch_id><![CDATA[1496252192]]></mch_id>
  <trade_type><![CDATA[JSAPI]]></trade_type>
  <trade_state_desc><![CDATA[ok]]></trade_state_desc>
  <trade_state><![CDATA[SUCCESS]]></trade_state>
  <sign><![CDATA[30AB04A66EDFCE21041430C61762CE21]]></sign>
  <cash_fee><![CDATA[132]]></cash_fee>
  <is_subscribe><![CDATA[Y]]></is_subscribe>
  <return_msg><![CDATA[OK]]></return_msg>
  <fee_type><![CDATA[CNY]]></fee_type>
  <bank_type><![CDATA[CMC]]></bank_type>
  <attach><![CDATA[sandbox_attach]]></attach>
  <device_info><![CDATA[sandbox]]></device_info>
  <out_trade_no><![CDATA[00000000000000881263872703147123]]></out_trade_no>
  <transaction_id><![CDATA[20180128215440881540479]]></transaction_id>
  <total_fee><![CDATA[132]]></total_fee>
  <appid><![CDATA[wx88cb890e1e079473]]></appid>
  <result_code><![CDATA[SUCCESS]]></result_code>
  <err_code><![CDATA[SUCCESS]]></err_code>
</xml>
[DEBUG][2018-01-28 21:56:28,963][HttpUtils]submitPost:url=https://api.mch.weixin.qq.com/sandboxnew/pay/orderquery
[DEBUG][2018-01-28 21:56:28,964][HttpUtils]submitPost:paramContent=<?xml version="1.0" encoding="UTF-8" standalone="no"?>
<xml>
<nonce_str>5add969bf72149159d431313eab97306</nonce_str>
<out_trade_no>00000000000000881264918313376957</out_trade_no>
<appid>wx88cb890e1e079473</appid>
<sign>724F338BABBDC7CAA2B3DBF3C6358DFF</sign>
<mch_id>1496252192</mch_id>
</xml>

[DEBUG][2018-01-28 21:56:29,772][HttpUtils]submitPost:responseMessage=<xml>
  <openid><![CDATA[wxd930ea5d5a258f4f]]></openid>
  <sub_mch_id><![CDATA[]]></sub_mch_id>
  <cash_fee_type><![CDATA[CNY]]></cash_fee_type>
  <settlement_total_fee><![CDATA[130]]></settlement_total_fee>
  <nonce_str><![CDATA[5add969bf72149159d431313eab97306]]></nonce_str>
  <return_code><![CDATA[SUCCESS]]></return_code>
  <err_code_des><![CDATA[SUCCESS]]></err_code_des>
  <time_end><![CDATA[20180128215624]]></time_end>
  <mch_id><![CDATA[1496252192]]></mch_id>
  <trade_type><![CDATA[JSAPI]]></trade_type>
  <trade_state_desc><![CDATA[ok]]></trade_state_desc>
  <trade_state><![CDATA[SUCCESS]]></trade_state>
  <sign><![CDATA[A4F7A1E28826745C7C1BF20523BDC950]]></sign>
  <cash_fee><![CDATA[130]]></cash_fee>
  <is_subscribe><![CDATA[Y]]></is_subscribe>
  <return_msg><![CDATA[OK]]></return_msg>
  <fee_type><![CDATA[CNY]]></fee_type>
  <bank_type><![CDATA[CMC]]></bank_type>
  <attach><![CDATA[sandbox_attach]]></attach>
  <device_info><![CDATA[sandbox]]></device_info>
  <out_trade_no><![CDATA[00000000000000881264918313376957]]></out_trade_no>
  <transaction_id><![CDATA[20180128215624760679208]]></transaction_id>
  <total_fee><![CDATA[130]]></total_fee>
  <appid><![CDATA[wx88cb890e1e079473]]></appid>
  <result_code><![CDATA[SUCCESS]]></result_code>
  <err_code><![CDATA[SUCCESS]]></err_code>
</xml>
[DEBUG][2018-02-04 00:48:59,106][HttpUtils]submitPost:url=http://127.0.0.1:8080/eh/ycb/wxpay/responseResult.do
[DEBUG][2018-02-04 00:48:59,107][HttpUtils]submitPost:paramContent=
[DEBUG][2018-02-04 00:48:59,308][HttpUtils]submitPost:responseMessage=<?xml version="1.0" encoding="UTF-8" standalone="no"?>
<xml/>

[DEBUG][2018-02-04 01:05:50,977][HttpUtils]submitPost:url=http://127.0.0.1:8080/eh/ycb/wxpay/responseResult.do
[DEBUG][2018-02-04 01:05:50,978][HttpUtils]submitPost:paramContent=<xml><appid><![CDATA[wx88cb890e1e079473]]></appid><bank_type><![CDATA[CFT]]></bank_type><cash_fee><![CDATA[1]]></cash_fee><fee_type><![CDATA[CNY]]></fee_type><is_subscribe><![CDATA[Y]]></is_subscribe><mch_id><![CDATA[1496252192]]></mch_id><nonce_str><![CDATA[89e8364760a04b83956dd4431841b50d]]></nonce_str><openid><![CDATA[oYYPb0gIcCPq0IDh_fedDoJRavJU]]></openid><out_trade_no><![CDATA[00000000000000885707125506586779]]></out_trade_no><result_code><![CDATA[SUCCESS]]></result_code><return_code><![CDATA[SUCCESS]]></return_code><sign><![CDATA[4509CB7314D626AF1F07D9229B10AD5B]]></sign><time_end><![CDATA[20180204010201]]></time_end><total_fee>1</total_fee><trade_type><![CDATA[JSAPI]]></trade_type><transaction_id><![CDATA[4200000053201802046579688419]]></transaction_id></xml>
[DEBUG][2018-02-04 01:05:51,179][HttpUtils]submitPost:responseMessage=<?xml version="1.0" encoding="UTF-8" standalone="no"?>
<xml/>

[DEBUG][2018-02-04 01:06:13,972][HttpUtils]submitPost:url=http://127.0.0.1:8080/eh/ycb/wxpay/responseResult.do
[DEBUG][2018-02-04 01:06:13,973][HttpUtils]submitPost:paramContent=<xml><appid><![CDATA[wx88cb890e1e079473]]></appid><bank_type><![CDATA[CFT]]></bank_type><cash_fee><![CDATA[1]]></cash_fee><fee_type><![CDATA[CNY]]></fee_type><is_subscribe><![CDATA[Y]]></is_subscribe><mch_id><![CDATA[1496252192]]></mch_id><nonce_str><![CDATA[89e8364760a04b83956dd4431841b50d]]></nonce_str><openid><![CDATA[oYYPb0gIcCPq0IDh_fedDoJRavJU]]></openid><out_trade_no><![CDATA[00000000000000885707125506586779]]></out_trade_no><result_code><![CDATA[SUCCESS]]></result_code><return_code><![CDATA[SUCCESS]]></return_code><sign><![CDATA[4509CB7314D626AF1F07D9229B10AD5B]]></sign><time_end><![CDATA[20180204010201]]></time_end><total_fee>1</total_fee><trade_type><![CDATA[JSAPI]]></trade_type><transaction_id><![CDATA[4200000053201802046579688419]]></transaction_id></xml>
[DEBUG][2018-02-04 01:07:13,167][HttpUtils]submitPost:responseMessage=<?xml version="1.0" encoding="UTF-8" standalone="no"?>
<xml/>

[DEBUG][2018-02-04 01:07:22,116][HttpUtils]submitPost:url=http://127.0.0.1:8080/eh/ycb/wxpay/responseResult.do
[DEBUG][2018-02-04 01:07:22,117][HttpUtils]submitPost:paramContent=xml=<xml><appid><![CDATA[wx88cb890e1e079473]]></appid><bank_type><![CDATA[CFT]]></bank_type><cash_fee><![CDATA[1]]></cash_fee><fee_type><![CDATA[CNY]]></fee_type><is_subscribe><![CDATA[Y]]></is_subscribe><mch_id><![CDATA[1496252192]]></mch_id><nonce_str><![CDATA[89e8364760a04b83956dd4431841b50d]]></nonce_str><openid><![CDATA[oYYPb0gIcCPq0IDh_fedDoJRavJU]]></openid><out_trade_no><![CDATA[00000000000000885707125506586779]]></out_trade_no><result_code><![CDATA[SUCCESS]]></result_code><return_code><![CDATA[SUCCESS]]></return_code><sign><![CDATA[4509CB7314D626AF1F07D9229B10AD5B]]></sign><time_end><![CDATA[20180204010201]]></time_end><total_fee>1</total_fee><trade_type><![CDATA[JSAPI]]></trade_type><transaction_id><![CDATA[4200000053201802046579688419]]></transaction_id></xml>
[ERROR][2018-02-04 01:07:30,781][HttpUtils]ERROR
java.net.ConnectException: Connection refused: connect
	at java.net.DualStackPlainSocketImpl.connect0(Native Method)
	at java.net.DualStackPlainSocketImpl.socketConnect(DualStackPlainSocketImpl.java:79)
	at java.net.AbstractPlainSocketImpl.doConnect(AbstractPlainSocketImpl.java:350)
	at java.net.AbstractPlainSocketImpl.connectToAddress(AbstractPlainSocketImpl.java:206)
	at java.net.AbstractPlainSocketImpl.connect(AbstractPlainSocketImpl.java:188)
	at java.net.PlainSocketImpl.connect(PlainSocketImpl.java:172)
	at java.net.SocksSocketImpl.connect(SocksSocketImpl.java:392)
	at java.net.Socket.connect(Socket.java:589)
	at java.net.Socket.connect(Socket.java:538)
	at sun.net.NetworkClient.doConnect(NetworkClient.java:180)
	at sun.net.www.http.HttpClient.openServer(HttpClient.java:463)
	at sun.net.www.http.HttpClient.openServer(HttpClient.java:558)
	at sun.net.www.http.HttpClient.parseHTTP(HttpClient.java:698)
	at sun.net.www.protocol.http.HttpURLConnection.getInputStream0(HttpURLConnection.java:1587)
	at sun.net.www.protocol.http.HttpURLConnection.getInputStream(HttpURLConnection.java:1492)
	at com.ycb.util.HttpUtils.submitPost(HttpUtils.java:113)
	at com.ycb.test.ResultTest.main(ResultTest.java:15)
[ERROR][2018-02-04 01:07:30,794][HttpUtils]ERROR
java.lang.NullPointerException
	at com.ycb.util.HttpUtils.submitPost(HttpUtils.java:124)
	at com.ycb.test.ResultTest.main(ResultTest.java:15)
[DEBUG][2018-02-04 01:08:02,589][HttpUtils]submitPost:url=http://127.0.0.1:8080/eh/ycb/wxpay/responseResult.do
[DEBUG][2018-02-04 01:08:02,590][HttpUtils]submitPost:paramContent=xml=<xml><appid><![CDATA[wx88cb890e1e079473]]></appid><bank_type><![CDATA[CFT]]></bank_type><cash_fee><![CDATA[1]]></cash_fee><fee_type><![CDATA[CNY]]></fee_type><is_subscribe><![CDATA[Y]]></is_subscribe><mch_id><![CDATA[1496252192]]></mch_id><nonce_str><![CDATA[89e8364760a04b83956dd4431841b50d]]></nonce_str><openid><![CDATA[oYYPb0gIcCPq0IDh_fedDoJRavJU]]></openid><out_trade_no><![CDATA[00000000000000885707125506586779]]></out_trade_no><result_code><![CDATA[SUCCESS]]></result_code><return_code><![CDATA[SUCCESS]]></return_code><sign><![CDATA[4509CB7314D626AF1F07D9229B10AD5B]]></sign><time_end><![CDATA[20180204010201]]></time_end><total_fee>1</total_fee><trade_type><![CDATA[JSAPI]]></trade_type><transaction_id><![CDATA[4200000053201802046579688419]]></transaction_id></xml>
[ERROR][2018-02-04 01:08:41,716][HttpUtils]ERROR
java.net.ConnectException: Connection refused: connect
	at java.net.DualStackPlainSocketImpl.connect0(Native Method)
	at java.net.DualStackPlainSocketImpl.socketConnect(DualStackPlainSocketImpl.java:79)
	at java.net.AbstractPlainSocketImpl.doConnect(AbstractPlainSocketImpl.java:350)
	at java.net.AbstractPlainSocketImpl.connectToAddress(AbstractPlainSocketImpl.java:206)
	at java.net.AbstractPlainSocketImpl.connect(AbstractPlainSocketImpl.java:188)
	at java.net.PlainSocketImpl.connect(PlainSocketImpl.java:172)
	at java.net.SocksSocketImpl.connect(SocksSocketImpl.java:392)
	at java.net.Socket.connect(Socket.java:589)
	at java.net.Socket.connect(Socket.java:538)
	at sun.net.NetworkClient.doConnect(NetworkClient.java:180)
	at sun.net.www.http.HttpClient.openServer(HttpClient.java:463)
	at sun.net.www.http.HttpClient.openServer(HttpClient.java:558)
	at sun.net.www.http.HttpClient.parseHTTP(HttpClient.java:698)
	at sun.net.www.protocol.http.HttpURLConnection.getInputStream0(HttpURLConnection.java:1587)
	at sun.net.www.protocol.http.HttpURLConnection.getInputStream(HttpURLConnection.java:1492)
	at com.ycb.util.HttpUtils.submitPost(HttpUtils.java:113)
	at com.ycb.test.ResultTest.main(ResultTest.java:15)
[ERROR][2018-02-04 01:08:41,722][HttpUtils]ERROR
java.lang.NullPointerException
	at com.ycb.util.HttpUtils.submitPost(HttpUtils.java:124)
	at com.ycb.test.ResultTest.main(ResultTest.java:15)
[DEBUG][2018-02-04 01:08:58,044][HttpUtils]submitPost:url=http://127.0.0.1:8080/eh/ycb/wxpay/responseResult.do
[DEBUG][2018-02-04 01:08:58,045][HttpUtils]submitPost:paramContent=xml=<xml><appid><![CDATA[wx88cb890e1e079473]]></appid><bank_type><![CDATA[CFT]]></bank_type><cash_fee><![CDATA[1]]></cash_fee><fee_type><![CDATA[CNY]]></fee_type><is_subscribe><![CDATA[Y]]></is_subscribe><mch_id><![CDATA[1496252192]]></mch_id><nonce_str><![CDATA[89e8364760a04b83956dd4431841b50d]]></nonce_str><openid><![CDATA[oYYPb0gIcCPq0IDh_fedDoJRavJU]]></openid><out_trade_no><![CDATA[00000000000000885707125506586779]]></out_trade_no><result_code><![CDATA[SUCCESS]]></result_code><return_code><![CDATA[SUCCESS]]></return_code><sign><![CDATA[4509CB7314D626AF1F07D9229B10AD5B]]></sign><time_end><![CDATA[20180204010201]]></time_end><total_fee>1</total_fee><trade_type><![CDATA[JSAPI]]></trade_type><transaction_id><![CDATA[4200000053201802046579688419]]></transaction_id></xml>
[ERROR][2018-02-04 01:09:32,749][HttpUtils]ERROR
java.net.ConnectException: Connection refused: connect
	at java.net.DualStackPlainSocketImpl.connect0(Native Method)
	at java.net.DualStackPlainSocketImpl.socketConnect(DualStackPlainSocketImpl.java:79)
	at java.net.AbstractPlainSocketImpl.doConnect(AbstractPlainSocketImpl.java:350)
	at java.net.AbstractPlainSocketImpl.connectToAddress(AbstractPlainSocketImpl.java:206)
	at java.net.AbstractPlainSocketImpl.connect(AbstractPlainSocketImpl.java:188)
	at java.net.PlainSocketImpl.connect(PlainSocketImpl.java:172)
	at java.net.SocksSocketImpl.connect(SocksSocketImpl.java:392)
	at java.net.Socket.connect(Socket.java:589)
	at java.net.Socket.connect(Socket.java:538)
	at sun.net.NetworkClient.doConnect(NetworkClient.java:180)
	at sun.net.www.http.HttpClient.openServer(HttpClient.java:463)
	at sun.net.www.http.HttpClient.openServer(HttpClient.java:558)
	at sun.net.www.http.HttpClient.parseHTTP(HttpClient.java:698)
	at sun.net.www.protocol.http.HttpURLConnection.getInputStream0(HttpURLConnection.java:1587)
	at sun.net.www.protocol.http.HttpURLConnection.getInputStream(HttpURLConnection.java:1492)
	at com.ycb.util.HttpUtils.submitPost(HttpUtils.java:113)
	at com.ycb.test.ResultTest.main(ResultTest.java:15)
[ERROR][2018-02-04 01:09:32,752][HttpUtils]ERROR
java.lang.NullPointerException
	at com.ycb.util.HttpUtils.submitPost(HttpUtils.java:124)
	at com.ycb.test.ResultTest.main(ResultTest.java:15)
[DEBUG][2018-02-04 01:09:54,592][HttpUtils]submitPost:url=http://127.0.0.1:8080/eh/ycb/wxpay/responseResult.do
[DEBUG][2018-02-04 01:09:54,593][HttpUtils]submitPost:paramContent=xml=<xml><appid><![CDATA[wx88cb890e1e079473]]></appid><bank_type><![CDATA[CFT]]></bank_type><cash_fee><![CDATA[1]]></cash_fee><fee_type><![CDATA[CNY]]></fee_type><is_subscribe><![CDATA[Y]]></is_subscribe><mch_id><![CDATA[1496252192]]></mch_id><nonce_str><![CDATA[89e8364760a04b83956dd4431841b50d]]></nonce_str><openid><![CDATA[oYYPb0gIcCPq0IDh_fedDoJRavJU]]></openid><out_trade_no><![CDATA[00000000000000885707125506586779]]></out_trade_no><result_code><![CDATA[SUCCESS]]></result_code><return_code><![CDATA[SUCCESS]]></return_code><sign><![CDATA[4509CB7314D626AF1F07D9229B10AD5B]]></sign><time_end><![CDATA[20180204010201]]></time_end><total_fee>1</total_fee><trade_type><![CDATA[JSAPI]]></trade_type><transaction_id><![CDATA[4200000053201802046579688419]]></transaction_id></xml>
[ERROR][2018-02-04 01:09:54,650][HttpUtils]ERROR
java.io.FileNotFoundException: http://127.0.0.1:8080/eh/ycb/wxpay/responseResult.do
	at sun.net.www.protocol.http.HttpURLConnection.getInputStream0(HttpURLConnection.java:1890)
	at sun.net.www.protocol.http.HttpURLConnection.getInputStream(HttpURLConnection.java:1492)
	at com.ycb.util.HttpUtils.submitPost(HttpUtils.java:113)
	at com.ycb.test.ResultTest.main(ResultTest.java:15)
[ERROR][2018-02-04 01:09:54,654][HttpUtils]ERROR
java.lang.NullPointerException
	at com.ycb.util.HttpUtils.submitPost(HttpUtils.java:124)
	at com.ycb.test.ResultTest.main(ResultTest.java:15)
[DEBUG][2018-02-04 01:10:04,931][HttpUtils]submitPost:url=http://127.0.0.1:8080/eh/ycb/wxpay/responseResult.do
[DEBUG][2018-02-04 01:10:04,931][HttpUtils]submitPost:paramContent=xml=<xml><appid><![CDATA[wx88cb890e1e079473]]></appid><bank_type><![CDATA[CFT]]></bank_type><cash_fee><![CDATA[1]]></cash_fee><fee_type><![CDATA[CNY]]></fee_type><is_subscribe><![CDATA[Y]]></is_subscribe><mch_id><![CDATA[1496252192]]></mch_id><nonce_str><![CDATA[89e8364760a04b83956dd4431841b50d]]></nonce_str><openid><![CDATA[oYYPb0gIcCPq0IDh_fedDoJRavJU]]></openid><out_trade_no><![CDATA[00000000000000885707125506586779]]></out_trade_no><result_code><![CDATA[SUCCESS]]></result_code><return_code><![CDATA[SUCCESS]]></return_code><sign><![CDATA[4509CB7314D626AF1F07D9229B10AD5B]]></sign><time_end><![CDATA[20180204010201]]></time_end><total_fee>1</total_fee><trade_type><![CDATA[JSAPI]]></trade_type><transaction_id><![CDATA[4200000053201802046579688419]]></transaction_id></xml>
[ERROR][2018-02-04 01:10:04,992][HttpUtils]ERROR
java.io.FileNotFoundException: http://127.0.0.1:8080/eh/ycb/wxpay/responseResult.do
	at sun.net.www.protocol.http.HttpURLConnection.getInputStream0(HttpURLConnection.java:1890)
	at sun.net.www.protocol.http.HttpURLConnection.getInputStream(HttpURLConnection.java:1492)
	at com.ycb.util.HttpUtils.submitPost(HttpUtils.java:113)
	at com.ycb.test.ResultTest.main(ResultTest.java:15)
[ERROR][2018-02-04 01:10:04,996][HttpUtils]ERROR
java.lang.NullPointerException
	at com.ycb.util.HttpUtils.submitPost(HttpUtils.java:124)
	at com.ycb.test.ResultTest.main(ResultTest.java:15)
[DEBUG][2018-02-04 01:10:31,463][HttpUtils]submitPost:url=http://127.0.0.1:8080/eh/ycb/wxpay/responseResult.do
[DEBUG][2018-02-04 01:10:31,464][HttpUtils]submitPost:paramContent=xml=<xml><appid><![CDATA[wx88cb890e1e079473]]></appid><bank_type><![CDATA[CFT]]></bank_type><cash_fee><![CDATA[1]]></cash_fee><fee_type><![CDATA[CNY]]></fee_type><is_subscribe><![CDATA[Y]]></is_subscribe><mch_id><![CDATA[1496252192]]></mch_id><nonce_str><![CDATA[89e8364760a04b83956dd4431841b50d]]></nonce_str><openid><![CDATA[oYYPb0gIcCPq0IDh_fedDoJRavJU]]></openid><out_trade_no><![CDATA[00000000000000885707125506586779]]></out_trade_no><result_code><![CDATA[SUCCESS]]></result_code><return_code><![CDATA[SUCCESS]]></return_code><sign><![CDATA[4509CB7314D626AF1F07D9229B10AD5B]]></sign><time_end><![CDATA[20180204010201]]></time_end><total_fee>1</total_fee><trade_type><![CDATA[JSAPI]]></trade_type><transaction_id><![CDATA[4200000053201802046579688419]]></transaction_id></xml>
[ERROR][2018-02-04 01:11:08,352][HttpUtils]ERROR
java.net.ConnectException: Connection refused: connect
	at java.net.DualStackPlainSocketImpl.connect0(Native Method)
	at java.net.DualStackPlainSocketImpl.socketConnect(DualStackPlainSocketImpl.java:79)
	at java.net.AbstractPlainSocketImpl.doConnect(AbstractPlainSocketImpl.java:350)
	at java.net.AbstractPlainSocketImpl.connectToAddress(AbstractPlainSocketImpl.java:206)
	at java.net.AbstractPlainSocketImpl.connect(AbstractPlainSocketImpl.java:188)
	at java.net.PlainSocketImpl.connect(PlainSocketImpl.java:172)
	at java.net.SocksSocketImpl.connect(SocksSocketImpl.java:392)
	at java.net.Socket.connect(Socket.java:589)
	at java.net.Socket.connect(Socket.java:538)
	at sun.net.NetworkClient.doConnect(NetworkClient.java:180)
	at sun.net.www.http.HttpClient.openServer(HttpClient.java:463)
	at sun.net.www.http.HttpClient.openServer(HttpClient.java:558)
	at sun.net.www.http.HttpClient.parseHTTP(HttpClient.java:698)
	at sun.net.www.protocol.http.HttpURLConnection.getInputStream0(HttpURLConnection.java:1587)
	at sun.net.www.protocol.http.HttpURLConnection.getInputStream(HttpURLConnection.java:1492)
	at com.ycb.util.HttpUtils.submitPost(HttpUtils.java:113)
	at com.ycb.test.ResultTest.main(ResultTest.java:15)
[ERROR][2018-02-04 01:11:08,364][HttpUtils]ERROR
java.lang.NullPointerException
	at com.ycb.util.HttpUtils.submitPost(HttpUtils.java:124)
	at com.ycb.test.ResultTest.main(ResultTest.java:15)
[DEBUG][2018-02-04 01:11:26,385][HttpUtils]submitPost:url=http://127.0.0.1:8080/eh/ycb/wxpay/responseResult.do
[DEBUG][2018-02-04 01:11:26,386][HttpUtils]submitPost:paramContent=xml=<xml><appid><![CDATA[wx88cb890e1e079473]]></appid><bank_type><![CDATA[CFT]]></bank_type><cash_fee><![CDATA[1]]></cash_fee><fee_type><![CDATA[CNY]]></fee_type><is_subscribe><![CDATA[Y]]></is_subscribe><mch_id><![CDATA[1496252192]]></mch_id><nonce_str><![CDATA[89e8364760a04b83956dd4431841b50d]]></nonce_str><openid><![CDATA[oYYPb0gIcCPq0IDh_fedDoJRavJU]]></openid><out_trade_no><![CDATA[00000000000000885707125506586779]]></out_trade_no><result_code><![CDATA[SUCCESS]]></result_code><return_code><![CDATA[SUCCESS]]></return_code><sign><![CDATA[4509CB7314D626AF1F07D9229B10AD5B]]></sign><time_end><![CDATA[20180204010201]]></time_end><total_fee>1</total_fee><trade_type><![CDATA[JSAPI]]></trade_type><transaction_id><![CDATA[4200000053201802046579688419]]></transaction_id></xml>
[DEBUG][2018-02-04 01:12:02,691][HttpUtils]submitPost:responseMessage=<?xml version="1.0" encoding="UTF-8" standalone="no"?>
<xml/>

[DEBUG][2018-02-04 01:12:46,934][HttpUtils]submitPost:url=http://127.0.0.1:8080/eh/ycb/wxpay/responseResult.do
[DEBUG][2018-02-04 01:12:46,935][HttpUtils]submitPost:paramContent=xml=<xml><appid><![CDATA[wx88cb890e1e079473]]></appid><bank_type><![CDATA[CFT]]></bank_type><cash_fee><![CDATA[1]]></cash_fee><fee_type><![CDATA[CNY]]></fee_type><is_subscribe><![CDATA[Y]]></is_subscribe><mch_id><![CDATA[1496252192]]></mch_id><nonce_str><![CDATA[89e8364760a04b83956dd4431841b50d]]></nonce_str><openid><![CDATA[oYYPb0gIcCPq0IDh_fedDoJRavJU]]></openid><out_trade_no><![CDATA[00000000000000885707125506586779]]></out_trade_no><result_code><![CDATA[SUCCESS]]></result_code><return_code><![CDATA[SUCCESS]]></return_code><sign><![CDATA[4509CB7314D626AF1F07D9229B10AD5B]]></sign><time_end><![CDATA[20180204010201]]></time_end><total_fee>1</total_fee><trade_type><![CDATA[JSAPI]]></trade_type><transaction_id><![CDATA[4200000053201802046579688419]]></transaction_id></xml>
[ERROR][2018-02-04 01:13:17,447][HttpUtils]ERROR
java.net.ConnectException: Connection refused: connect
	at java.net.DualStackPlainSocketImpl.connect0(Native Method)
	at java.net.DualStackPlainSocketImpl.socketConnect(DualStackPlainSocketImpl.java:79)
	at java.net.AbstractPlainSocketImpl.doConnect(AbstractPlainSocketImpl.java:350)
	at java.net.AbstractPlainSocketImpl.connectToAddress(AbstractPlainSocketImpl.java:206)
	at java.net.AbstractPlainSocketImpl.connect(AbstractPlainSocketImpl.java:188)
	at java.net.PlainSocketImpl.connect(PlainSocketImpl.java:172)
	at java.net.SocksSocketImpl.connect(SocksSocketImpl.java:392)
	at java.net.Socket.connect(Socket.java:589)
	at java.net.Socket.connect(Socket.java:538)
	at sun.net.NetworkClient.doConnect(NetworkClient.java:180)
	at sun.net.www.http.HttpClient.openServer(HttpClient.java:463)
	at sun.net.www.http.HttpClient.openServer(HttpClient.java:558)
	at sun.net.www.http.HttpClient.parseHTTP(HttpClient.java:698)
	at sun.net.www.protocol.http.HttpURLConnection.getInputStream0(HttpURLConnection.java:1587)
	at sun.net.www.protocol.http.HttpURLConnection.getInputStream(HttpURLConnection.java:1492)
	at com.ycb.util.HttpUtils.submitPost(HttpUtils.java:113)
	at com.ycb.test.ResultTest.main(ResultTest.java:15)
[ERROR][2018-02-04 01:13:17,458][HttpUtils]ERROR
java.lang.NullPointerException
	at com.ycb.util.HttpUtils.submitPost(HttpUtils.java:124)
	at com.ycb.test.ResultTest.main(ResultTest.java:15)
[DEBUG][2018-02-04 01:13:39,820][HttpUtils]submitPost:url=http://127.0.0.1:8080/eh/ycb/wxpay/responseResult.do
[DEBUG][2018-02-04 01:13:39,821][HttpUtils]submitPost:paramContent=xml=<xml><appid><![CDATA[wx88cb890e1e079473]]></appid><bank_type><![CDATA[CFT]]></bank_type><cash_fee><![CDATA[1]]></cash_fee><fee_type><![CDATA[CNY]]></fee_type><is_subscribe><![CDATA[Y]]></is_subscribe><mch_id><![CDATA[1496252192]]></mch_id><nonce_str><![CDATA[89e8364760a04b83956dd4431841b50d]]></nonce_str><openid><![CDATA[oYYPb0gIcCPq0IDh_fedDoJRavJU]]></openid><out_trade_no><![CDATA[00000000000000885707125506586779]]></out_trade_no><result_code><![CDATA[SUCCESS]]></result_code><return_code><![CDATA[SUCCESS]]></return_code><sign><![CDATA[4509CB7314D626AF1F07D9229B10AD5B]]></sign><time_end><![CDATA[20180204010201]]></time_end><total_fee>1</total_fee><trade_type><![CDATA[JSAPI]]></trade_type><transaction_id><![CDATA[4200000053201802046579688419]]></transaction_id></xml>
[ERROR][2018-02-04 01:14:21,148][HttpUtils]ERROR
java.net.ConnectException: Connection refused: connect
	at java.net.DualStackPlainSocketImpl.connect0(Native Method)
	at java.net.DualStackPlainSocketImpl.socketConnect(DualStackPlainSocketImpl.java:79)
	at java.net.AbstractPlainSocketImpl.doConnect(AbstractPlainSocketImpl.java:350)
	at java.net.AbstractPlainSocketImpl.connectToAddress(AbstractPlainSocketImpl.java:206)
	at java.net.AbstractPlainSocketImpl.connect(AbstractPlainSocketImpl.java:188)
	at java.net.PlainSocketImpl.connect(PlainSocketImpl.java:172)
	at java.net.SocksSocketImpl.connect(SocksSocketImpl.java:392)
	at java.net.Socket.connect(Socket.java:589)
	at java.net.Socket.connect(Socket.java:538)
	at sun.net.NetworkClient.doConnect(NetworkClient.java:180)
	at sun.net.www.http.HttpClient.openServer(HttpClient.java:463)
	at sun.net.www.http.HttpClient.openServer(HttpClient.java:558)
	at sun.net.www.http.HttpClient.parseHTTP(HttpClient.java:698)
	at sun.net.www.protocol.http.HttpURLConnection.getInputStream0(HttpURLConnection.java:1587)
	at sun.net.www.protocol.http.HttpURLConnection.getInputStream(HttpURLConnection.java:1492)
	at com.ycb.util.HttpUtils.submitPost(HttpUtils.java:113)
	at com.ycb.test.ResultTest.main(ResultTest.java:15)
[ERROR][2018-02-04 01:14:21,156][HttpUtils]ERROR
java.lang.NullPointerException
	at com.ycb.util.HttpUtils.submitPost(HttpUtils.java:124)
	at com.ycb.test.ResultTest.main(ResultTest.java:15)
